{"C:\\Users\\USER\\Documents\\AUTwpp\\wpp\\src\\controllers\\webhookController.js": {"path":"C:\\Users\\USER\\Documents\\AUTwpp\\wpp\\src\\controllers\\webhookController.js","statementMap":{"0":{"start":{"line":1,"column":32},"end":{"line":1,"column":70}},"1":{"start":{"line":2,"column":71},"end":{"line":2,"column":105}},"2":{"start":{"line":4,"column":22},"end":{"line":4,"column":72}},"3":{"start":{"line":7,"column":26},"end":{"line":7,"column":35}},"4":{"start":{"line":8,"column":23},"end":{"line":8,"column":36}},"5":{"start":{"line":11,"column":0},"end":{"line":25,"column":19}},"6":{"start":{"line":12,"column":14},"end":{"line":12,"column":24}},"7":{"start":{"line":13,"column":21},"end":{"line":13,"column":22}},"8":{"start":{"line":15,"column":2},"end":{"line":20,"column":3}},"9":{"start":{"line":16,"column":4},"end":{"line":19,"column":5}},"10":{"start":{"line":17,"column":6},"end":{"line":17,"column":42}},"11":{"start":{"line":18,"column":6},"end":{"line":18,"column":21}},"12":{"start":{"line":22,"column":2},"end":{"line":24,"column":3}},"13":{"start":{"line":23,"column":4},"end":{"line":23,"column":80}},"14":{"start":{"line":30,"column":34},"end":{"line":50,"column":1}},"15":{"start":{"line":31,"column":15},"end":{"line":31,"column":36}},"16":{"start":{"line":32,"column":16},"end":{"line":32,"column":45}},"17":{"start":{"line":33,"column":20},"end":{"line":33,"column":46}},"18":{"start":{"line":35,"column":2},"end":{"line":35,"column":71}},"19":{"start":{"line":36,"column":2},"end":{"line":36,"column":70}},"20":{"start":{"line":38,"column":2},"end":{"line":49,"column":3}},"21":{"start":{"line":39,"column":4},"end":{"line":45,"column":5}},"22":{"start":{"line":40,"column":6},"end":{"line":40,"column":56}},"23":{"start":{"line":41,"column":6},"end":{"line":41,"column":45}},"24":{"start":{"line":43,"column":6},"end":{"line":43,"column":64}},"25":{"start":{"line":44,"column":6},"end":{"line":44,"column":33}},"26":{"start":{"line":47,"column":4},"end":{"line":47,"column":62}},"27":{"start":{"line":48,"column":4},"end":{"line":48,"column":31}},"28":{"start":{"line":55,"column":30},"end":{"line":161,"column":1}},"29":{"start":{"line":56,"column":2},"end":{"line":160,"column":3}},"30":{"start":{"line":57,"column":17},"end":{"line":57,"column":25}},"31":{"start":{"line":60,"column":4},"end":{"line":156,"column":5}},"32":{"start":{"line":61,"column":6},"end":{"line":153,"column":7}},"33":{"start":{"line":66,"column":24},"end":{"line":66,"column":66}},"34":{"start":{"line":67,"column":26},"end":{"line":67,"column":36}},"35":{"start":{"line":70,"column":8},"end":{"line":74,"column":9}},"36":{"start":{"line":71,"column":10},"end":{"line":71,"column":82}},"37":{"start":{"line":72,"column":10},"end":{"line":72,"column":30}},"38":{"start":{"line":73,"column":10},"end":{"line":73,"column":17}},"39":{"start":{"line":77,"column":8},"end":{"line":77,"column":53}},"40":{"start":{"line":79,"column":21},"end":{"line":79,"column":33}},"41":{"start":{"line":80,"column":28},"end":{"line":80,"column":52}},"42":{"start":{"line":81,"column":28},"end":{"line":81,"column":40}},"43":{"start":{"line":83,"column":8},"end":{"line":83,"column":61}},"44":{"start":{"line":86,"column":8},"end":{"line":135,"column":9}},"45":{"start":{"line":87,"column":10},"end":{"line":87,"column":75}},"46":{"start":{"line":90,"column":31},"end":{"line":90,"column":63}},"47":{"start":{"line":91,"column":10},"end":{"line":95,"column":11}},"48":{"start":{"line":92,"column":12},"end":{"line":92,"column":57}},"49":{"start":{"line":93,"column":12},"end":{"line":93,"column":32}},"50":{"start":{"line":94,"column":12},"end":{"line":94,"column":19}},"51":{"start":{"line":98,"column":10},"end":{"line":121,"column":11}},"52":{"start":{"line":99,"column":40},"end":{"line":99,"column":59}},"53":{"start":{"line":100,"column":33},"end":{"line":100,"column":37}},"54":{"start":{"line":102,"column":12},"end":{"line":106,"column":13}},"55":{"start":{"line":103,"column":14},"end":{"line":103,"column":67}},"56":{"start":{"line":104,"column":19},"end":{"line":106,"column":13}},"57":{"start":{"line":105,"column":14},"end":{"line":105,"column":65}},"58":{"start":{"line":109,"column":12},"end":{"line":113,"column":13}},"59":{"start":{"line":110,"column":14},"end":{"line":110,"column":62}},"60":{"start":{"line":111,"column":14},"end":{"line":111,"column":34}},"61":{"start":{"line":112,"column":14},"end":{"line":112,"column":21}},"62":{"start":{"line":116,"column":12},"end":{"line":120,"column":13}},"63":{"start":{"line":117,"column":14},"end":{"line":117,"column":62}},"64":{"start":{"line":118,"column":14},"end":{"line":118,"column":34}},"65":{"start":{"line":119,"column":14},"end":{"line":119,"column":21}},"66":{"start":{"line":124,"column":37},"end":{"line":124,"column":71}},"67":{"start":{"line":125,"column":33},"end":{"line":125,"column":53}},"68":{"start":{"line":126,"column":10},"end":{"line":130,"column":11}},"69":{"start":{"line":127,"column":12},"end":{"line":127,"column":57}},"70":{"start":{"line":128,"column":12},"end":{"line":128,"column":32}},"71":{"start":{"line":129,"column":12},"end":{"line":129,"column":19}},"72":{"start":{"line":133,"column":10},"end":{"line":133,"column":30}},"73":{"start":{"line":134,"column":10},"end":{"line":134,"column":17}},"74":{"start":{"line":138,"column":8},"end":{"line":148,"column":9}},"75":{"start":{"line":139,"column":10},"end":{"line":139,"column":55}},"76":{"start":{"line":140,"column":15},"end":{"line":148,"column":9}},"77":{"start":{"line":142,"column":38},"end":{"line":142,"column":57}},"78":{"start":{"line":143,"column":10},"end":{"line":147,"column":11}},"79":{"start":{"line":144,"column":12},"end":{"line":144,"column":81}},"80":{"start":{"line":145,"column":17},"end":{"line":147,"column":11}},"81":{"start":{"line":146,"column":12},"end":{"line":146,"column":79}},"82":{"start":{"line":150,"column":8},"end":{"line":150,"column":28}},"83":{"start":{"line":152,"column":8},"end":{"line":152,"column":28}},"84":{"start":{"line":155,"column":6},"end":{"line":155,"column":26}},"85":{"start":{"line":158,"column":4},"end":{"line":158,"column":56}},"86":{"start":{"line":159,"column":4},"end":{"line":159,"column":24}},"87":{"start":{"line":163,"column":0},"end":{"line":166,"column":2}}},"fnMap":{"0":{"name":"(anonymous_0)","decl":{"start":{"line":11,"column":12},"end":{"line":11,"column":13}},"loc":{"start":{"line":11,"column":18},"end":{"line":25,"column":1}},"line":11},"1":{"name":"(anonymous_1)","decl":{"start":{"line":30,"column":34},"end":{"line":30,"column":35}},"loc":{"start":{"line":30,"column":48},"end":{"line":50,"column":1}},"line":30},"2":{"name":"(anonymous_2)","decl":{"start":{"line":55,"column":30},"end":{"line":55,"column":31}},"loc":{"start":{"line":55,"column":50},"end":{"line":161,"column":1}},"line":55}},"branchMap":{"0":{"loc":{"start":{"line":4,"column":22},"end":{"line":4,"column":72}},"type":"binary-expr","locations":[{"start":{"line":4,"column":22},"end":{"line":4,"column":54}},{"start":{"line":4,"column":58},"end":{"line":4,"column":72}}],"line":4},"1":{"loc":{"start":{"line":16,"column":4},"end":{"line":19,"column":5}},"type":"if","locations":[{"start":{"line":16,"column":4},"end":{"line":19,"column":5}},{"start":{},"end":{}}],"line":16},"2":{"loc":{"start":{"line":22,"column":2},"end":{"line":24,"column":3}},"type":"if","locations":[{"start":{"line":22,"column":2},"end":{"line":24,"column":3}},{"start":{},"end":{}}],"line":22},"3":{"loc":{"start":{"line":38,"column":2},"end":{"line":49,"column":3}},"type":"if","locations":[{"start":{"line":38,"column":2},"end":{"line":49,"column":3}},{"start":{"line":46,"column":9},"end":{"line":49,"column":3}}],"line":38},"4":{"loc":{"start":{"line":38,"column":6},"end":{"line":38,"column":19}},"type":"binary-expr","locations":[{"start":{"line":38,"column":6},"end":{"line":38,"column":10}},{"start":{"line":38,"column":14},"end":{"line":38,"column":19}}],"line":38},"5":{"loc":{"start":{"line":39,"column":4},"end":{"line":45,"column":5}},"type":"if","locations":[{"start":{"line":39,"column":4},"end":{"line":45,"column":5}},{"start":{"line":42,"column":11},"end":{"line":45,"column":5}}],"line":39},"6":{"loc":{"start":{"line":39,"column":8},"end":{"line":39,"column":74}},"type":"binary-expr","locations":[{"start":{"line":39,"column":8},"end":{"line":39,"column":28}},{"start":{"line":39,"column":32},"end":{"line":39,"column":74}}],"line":39},"7":{"loc":{"start":{"line":60,"column":4},"end":{"line":156,"column":5}},"type":"if","locations":[{"start":{"line":60,"column":4},"end":{"line":156,"column":5}},{"start":{"line":154,"column":11},"end":{"line":156,"column":5}}],"line":60},"8":{"loc":{"start":{"line":61,"column":6},"end":{"line":153,"column":7}},"type":"if","locations":[{"start":{"line":61,"column":6},"end":{"line":153,"column":7}},{"start":{"line":151,"column":13},"end":{"line":153,"column":7}}],"line":61},"9":{"loc":{"start":{"line":61,"column":10},"end":{"line":64,"column":52}},"type":"binary-expr","locations":[{"start":{"line":61,"column":10},"end":{"line":61,"column":20}},{"start":{"line":62,"column":10},"end":{"line":62,"column":31}},{"start":{"line":63,"column":10},"end":{"line":63,"column":49}},{"start":{"line":64,"column":10},"end":{"line":64,"column":52}}],"line":61},"10":{"loc":{"start":{"line":70,"column":8},"end":{"line":74,"column":9}},"type":"if","locations":[{"start":{"line":70,"column":8},"end":{"line":74,"column":9}},{"start":{},"end":{}}],"line":70},"11":{"loc":{"start":{"line":80,"column":28},"end":{"line":80,"column":52}},"type":"binary-expr","locations":[{"start":{"line":80,"column":28},"end":{"line":80,"column":46}},{"start":{"line":80,"column":50},"end":{"line":80,"column":52}}],"line":80},"12":{"loc":{"start":{"line":86,"column":8},"end":{"line":135,"column":9}},"type":"if","locations":[{"start":{"line":86,"column":8},"end":{"line":135,"column":9}},{"start":{},"end":{}}],"line":86},"13":{"loc":{"start":{"line":91,"column":10},"end":{"line":95,"column":11}},"type":"if","locations":[{"start":{"line":91,"column":10},"end":{"line":95,"column":11}},{"start":{},"end":{}}],"line":91},"14":{"loc":{"start":{"line":91,"column":14},"end":{"line":91,"column":123}},"type":"binary-expr","locations":[{"start":{"line":91,"column":14},"end":{"line":91,"column":43}},{"start":{"line":91,"column":47},"end":{"line":91,"column":75}},{"start":{"line":91,"column":79},"end":{"line":91,"column":123}}],"line":91},"15":{"loc":{"start":{"line":98,"column":10},"end":{"line":121,"column":11}},"type":"if","locations":[{"start":{"line":98,"column":10},"end":{"line":121,"column":11}},{"start":{},"end":{}}],"line":98},"16":{"loc":{"start":{"line":102,"column":12},"end":{"line":106,"column":13}},"type":"if","locations":[{"start":{"line":102,"column":12},"end":{"line":106,"column":13}},{"start":{"line":104,"column":19},"end":{"line":106,"column":13}}],"line":102},"17":{"loc":{"start":{"line":104,"column":19},"end":{"line":106,"column":13}},"type":"if","locations":[{"start":{"line":104,"column":19},"end":{"line":106,"column":13}},{"start":{},"end":{}}],"line":104},"18":{"loc":{"start":{"line":109,"column":12},"end":{"line":113,"column":13}},"type":"if","locations":[{"start":{"line":109,"column":12},"end":{"line":113,"column":13}},{"start":{},"end":{}}],"line":109},"19":{"loc":{"start":{"line":109,"column":16},"end":{"line":109,"column":104}},"type":"binary-expr","locations":[{"start":{"line":109,"column":16},"end":{"line":109,"column":30}},{"start":{"line":109,"column":35},"end":{"line":109,"column":69}},{"start":{"line":109,"column":73},"end":{"line":109,"column":103}}],"line":109},"20":{"loc":{"start":{"line":116,"column":12},"end":{"line":120,"column":13}},"type":"if","locations":[{"start":{"line":116,"column":12},"end":{"line":120,"column":13}},{"start":{},"end":{}}],"line":116},"21":{"loc":{"start":{"line":116,"column":16},"end":{"line":116,"column":73}},"type":"binary-expr","locations":[{"start":{"line":116,"column":16},"end":{"line":116,"column":30}},{"start":{"line":116,"column":34},"end":{"line":116,"column":73}}],"line":116},"22":{"loc":{"start":{"line":126,"column":10},"end":{"line":130,"column":11}},"type":"if","locations":[{"start":{"line":126,"column":10},"end":{"line":130,"column":11}},{"start":{},"end":{}}],"line":126},"23":{"loc":{"start":{"line":126,"column":14},"end":{"line":126,"column":73}},"type":"binary-expr","locations":[{"start":{"line":126,"column":14},"end":{"line":126,"column":28}},{"start":{"line":126,"column":32},"end":{"line":126,"column":73}}],"line":126},"24":{"loc":{"start":{"line":138,"column":8},"end":{"line":148,"column":9}},"type":"if","locations":[{"start":{"line":138,"column":8},"end":{"line":148,"column":9}},{"start":{"line":140,"column":15},"end":{"line":148,"column":9}}],"line":138},"25":{"loc":{"start":{"line":140,"column":15},"end":{"line":148,"column":9}},"type":"if","locations":[{"start":{"line":140,"column":15},"end":{"line":148,"column":9}},{"start":{},"end":{}}],"line":140},"26":{"loc":{"start":{"line":143,"column":10},"end":{"line":147,"column":11}},"type":"if","locations":[{"start":{"line":143,"column":10},"end":{"line":147,"column":11}},{"start":{"line":145,"column":17},"end":{"line":147,"column":11}}],"line":143},"27":{"loc":{"start":{"line":145,"column":17},"end":{"line":147,"column":11}},"type":"if","locations":[{"start":{"line":145,"column":17},"end":{"line":147,"column":11}},{"start":{},"end":{}}],"line":145}},"s":{"0":0,"1":0,"2":0,"3":0,"4":0,"5":0,"6":0,"7":0,"8":0,"9":0,"10":0,"11":0,"12":0,"13":0,"14":0,"15":0,"16":0,"17":0,"18":0,"19":0,"20":0,"21":0,"22":0,"23":0,"24":0,"25":0,"26":0,"27":0,"28":0,"29":0,"30":0,"31":0,"32":0,"33":0,"34":0,"35":0,"36":0,"37":0,"38":0,"39":0,"40":0,"41":0,"42":0,"43":0,"44":0,"45":0,"46":0,"47":0,"48":0,"49":0,"50":0,"51":0,"52":0,"53":0,"54":0,"55":0,"56":0,"57":0,"58":0,"59":0,"60":0,"61":0,"62":0,"63":0,"64":0,"65":0,"66":0,"67":0,"68":0,"69":0,"70":0,"71":0,"72":0,"73":0,"74":0,"75":0,"76":0,"77":0,"78":0,"79":0,"80":0,"81":0,"82":0,"83":0,"84":0,"85":0,"86":0,"87":0},"f":{"0":0,"1":0,"2":0},"b":{"0":[0,0],"1":[0,0],"2":[0,0],"3":[0,0],"4":[0,0],"5":[0,0],"6":[0,0],"7":[0,0],"8":[0,0],"9":[0,0,0,0],"10":[0,0],"11":[0,0],"12":[0,0],"13":[0,0],"14":[0,0,0],"15":[0,0],"16":[0,0],"17":[0,0],"18":[0,0],"19":[0,0,0],"20":[0,0],"21":[0,0],"22":[0,0],"23":[0,0],"24":[0,0],"25":[0,0],"26":[0,0],"27":[0,0]}}
,"C:\\Users\\USER\\Documents\\AUTwpp\\wpp\\src\\public\\app.js": {"path":"C:\\Users\\USER\\Documents\\AUTwpp\\wpp\\src\\public\\app.js","statementMap":{"0":{"start":{"line":2,"column":13},"end":{"line":2,"column":17}},"1":{"start":{"line":3,"column":18},"end":{"line":3,"column":22}},"2":{"start":{"line":4,"column":26},"end":{"line":4,"column":30}},"3":{"start":{"line":5,"column":20},"end":{"line":5,"column":22}},"4":{"start":{"line":6,"column":26},"end":{"line":6,"column":30}},"5":{"start":{"line":9,"column":20},"end":{"line":9,"column":59}},"6":{"start":{"line":10,"column":16},"end":{"line":10,"column":51}},"7":{"start":{"line":11,"column":18},"end":{"line":11,"column":55}},"8":{"start":{"line":12,"column":19},"end":{"line":12,"column":57}},"9":{"start":{"line":13,"column":25},"end":{"line":13,"column":69}},"10":{"start":{"line":14,"column":22},"end":{"line":14,"column":63}},"11":{"start":{"line":15,"column":31},"end":{"line":15,"column":82}},"12":{"start":{"line":16,"column":26},"end":{"line":16,"column":71}},"13":{"start":{"line":17,"column":21},"end":{"line":17,"column":61}},"14":{"start":{"line":18,"column":16},"end":{"line":18,"column":51}},"15":{"start":{"line":19,"column":20},"end":{"line":19,"column":59}},"16":{"start":{"line":20,"column":16},"end":{"line":20,"column":51}},"17":{"start":{"line":21,"column":25},"end":{"line":21,"column":69}},"18":{"start":{"line":22,"column":23},"end":{"line":22,"column":65}},"19":{"start":{"line":23,"column":18},"end":{"line":23,"column":55}},"20":{"start":{"line":24,"column":20},"end":{"line":24,"column":59}},"21":{"start":{"line":25,"column":20},"end":{"line":25,"column":59}},"22":{"start":{"line":26,"column":22},"end":{"line":26,"column":64}},"23":{"start":{"line":27,"column":21},"end":{"line":27,"column":61}},"24":{"start":{"line":28,"column":24},"end":{"line":28,"column":67}},"25":{"start":{"line":29,"column":21},"end":{"line":29,"column":61}},"26":{"start":{"line":30,"column":18},"end":{"line":30,"column":55}},"27":{"start":{"line":31,"column":28},"end":{"line":31,"column":76}},"28":{"start":{"line":34,"column":0},"end":{"line":65,"column":3}},"29":{"start":{"line":35,"column":4},"end":{"line":35,"column":23}},"30":{"start":{"line":36,"column":21},"end":{"line":36,"column":62}},"31":{"start":{"line":37,"column":21},"end":{"line":37,"column":62}},"32":{"start":{"line":39,"column":4},"end":{"line":64,"column":5}},"33":{"start":{"line":40,"column":21},"end":{"line":40,"column":52}},"34":{"start":{"line":41,"column":25},"end":{"line":45,"column":10}},"35":{"start":{"line":47,"column":8},"end":{"line":60,"column":9}},"36":{"start":{"line":48,"column":12},"end":{"line":48,"column":31}},"37":{"start":{"line":49,"column":12},"end":{"line":49,"column":52}},"38":{"start":{"line":50,"column":12},"end":{"line":50,"column":26}},"39":{"start":{"line":51,"column":12},"end":{"line":51,"column":28}},"40":{"start":{"line":52,"column":12},"end":{"line":52,"column":40}},"41":{"start":{"line":55,"column":12},"end":{"line":57,"column":13}},"42":{"start":{"line":56,"column":16},"end":{"line":56,"column":49}},"43":{"start":{"line":59,"column":12},"end":{"line":59,"column":72}},"44":{"start":{"line":62,"column":8},"end":{"line":62,"column":69}},"45":{"start":{"line":63,"column":8},"end":{"line":63,"column":48}},"46":{"start":{"line":69,"column":4},"end":{"line":69,"column":41}},"47":{"start":{"line":70,"column":4},"end":{"line":70,"column":23}},"48":{"start":{"line":71,"column":4},"end":{"line":73,"column":5}},"49":{"start":{"line":72,"column":8},"end":{"line":72,"column":28}},"50":{"start":{"line":74,"column":4},"end":{"line":74,"column":39}},"51":{"start":{"line":75,"column":4},"end":{"line":75,"column":22}},"52":{"start":{"line":79,"column":0},"end":{"line":82,"column":3}},"53":{"start":{"line":80,"column":4},"end":{"line":80,"column":24}},"54":{"start":{"line":81,"column":4},"end":{"line":81,"column":42}},"55":{"start":{"line":85,"column":0},"end":{"line":89,"column":3}},"56":{"start":{"line":86,"column":4},"end":{"line":88,"column":5}},"57":{"start":{"line":87,"column":8},"end":{"line":87,"column":46}},"58":{"start":{"line":96,"column":23},"end":{"line":96,"column":68}},"59":{"start":{"line":97,"column":4},"end":{"line":97,"column":68}},"60":{"start":{"line":98,"column":4},"end":{"line":98,"column":56}},"61":{"start":{"line":102,"column":25},"end":{"line":102,"column":76}},"62":{"start":{"line":103,"column":21},"end":{"line":103,"column":63}},"63":{"start":{"line":105,"column":4},"end":{"line":105,"column":66}},"64":{"start":{"line":106,"column":4},"end":{"line":106,"column":49}},"65":{"start":{"line":107,"column":4},"end":{"line":107,"column":54}},"66":{"start":{"line":111,"column":0},"end":{"line":111,"column":60}},"67":{"start":{"line":114,"column":0},"end":{"line":114,"column":12}},"68":{"start":{"line":118,"column":4},"end":{"line":118,"column":39}},"69":{"start":{"line":119,"column":4},"end":{"line":119,"column":35}},"70":{"start":{"line":123,"column":4},"end":{"line":123,"column":39}},"71":{"start":{"line":124,"column":4},"end":{"line":124,"column":36}},"72":{"start":{"line":129,"column":4},"end":{"line":129,"column":23}},"73":{"start":{"line":130,"column":4},"end":{"line":130,"column":24}},"74":{"start":{"line":131,"column":4},"end":{"line":131,"column":21}},"75":{"start":{"line":134,"column":4},"end":{"line":137,"column":14}},"76":{"start":{"line":135,"column":8},"end":{"line":135,"column":28}},"77":{"start":{"line":136,"column":8},"end":{"line":136,"column":25}},"78":{"start":{"line":143,"column":25},"end":{"line":143,"column":81}},"79":{"start":{"line":144,"column":23},"end":{"line":144,"column":54}},"80":{"start":{"line":145,"column":21},"end":{"line":145,"column":46}},"81":{"start":{"line":147,"column":4},"end":{"line":147,"column":33}},"82":{"start":{"line":148,"column":4},"end":{"line":148,"column":47}},"83":{"start":{"line":150,"column":4},"end":{"line":150,"column":37}},"84":{"start":{"line":151,"column":4},"end":{"line":151,"column":29}},"85":{"start":{"line":153,"column":4},"end":{"line":153,"column":64}},"86":{"start":{"line":154,"column":4},"end":{"line":154,"column":85}},"87":{"start":{"line":156,"column":4},"end":{"line":156,"column":47}},"88":{"start":{"line":157,"column":4},"end":{"line":157,"column":52}},"89":{"start":{"line":162,"column":4},"end":{"line":162,"column":18}},"90":{"start":{"line":164,"column":4},"end":{"line":168,"column":7}},"91":{"start":{"line":165,"column":8},"end":{"line":165,"column":47}},"92":{"start":{"line":166,"column":8},"end":{"line":166,"column":57}},"93":{"start":{"line":167,"column":8},"end":{"line":167,"column":49}},"94":{"start":{"line":170,"column":4},"end":{"line":174,"column":7}},"95":{"start":{"line":171,"column":8},"end":{"line":171,"column":51}},"96":{"start":{"line":172,"column":8},"end":{"line":172,"column":58}},"97":{"start":{"line":173,"column":8},"end":{"line":173,"column":52}},"98":{"start":{"line":176,"column":4},"end":{"line":208,"column":7}},"99":{"start":{"line":177,"column":8},"end":{"line":177,"column":56}},"100":{"start":{"line":180,"column":29},"end":{"line":180,"column":61}},"101":{"start":{"line":183,"column":29},"end":{"line":185,"column":40}},"102":{"start":{"line":187,"column":8},"end":{"line":199,"column":9}},"103":{"start":{"line":189,"column":12},"end":{"line":189,"column":36}},"104":{"start":{"line":192,"column":12},"end":{"line":198,"column":13}},"105":{"start":{"line":193,"column":16},"end":{"line":197,"column":19}},"106":{"start":{"line":202,"column":8},"end":{"line":205,"column":9}},"107":{"start":{"line":203,"column":12},"end":{"line":203,"column":52}},"108":{"start":{"line":204,"column":12},"end":{"line":204,"column":43}},"109":{"start":{"line":207,"column":8},"end":{"line":207,"column":28}},"110":{"start":{"line":210,"column":4},"end":{"line":215,"column":7}},"111":{"start":{"line":211,"column":8},"end":{"line":211,"column":48}},"112":{"start":{"line":212,"column":8},"end":{"line":214,"column":9}},"113":{"start":{"line":213,"column":12},"end":{"line":213,"column":43}},"114":{"start":{"line":217,"column":4},"end":{"line":224,"column":7}},"115":{"start":{"line":218,"column":8},"end":{"line":218,"column":57}},"116":{"start":{"line":219,"column":8},"end":{"line":219,"column":28}},"117":{"start":{"line":220,"column":8},"end":{"line":223,"column":9}},"118":{"start":{"line":221,"column":12},"end":{"line":221,"column":39}},"119":{"start":{"line":222,"column":12},"end":{"line":222,"column":33}},"120":{"start":{"line":226,"column":4},"end":{"line":233,"column":7}},"121":{"start":{"line":227,"column":8},"end":{"line":227,"column":53}},"122":{"start":{"line":229,"column":8},"end":{"line":231,"column":9}},"123":{"start":{"line":230,"column":12},"end":{"line":230,"column":38}},"124":{"start":{"line":232,"column":8},"end":{"line":232,"column":28}},"125":{"start":{"line":238,"column":4},"end":{"line":256,"column":5}},"126":{"start":{"line":239,"column":25},"end":{"line":243,"column":10}},"127":{"start":{"line":245,"column":8},"end":{"line":247,"column":9}},"128":{"start":{"line":246,"column":12},"end":{"line":246,"column":62}},"129":{"start":{"line":249,"column":21},"end":{"line":249,"column":42}},"130":{"start":{"line":250,"column":8},"end":{"line":250,"column":49}},"131":{"start":{"line":251,"column":8},"end":{"line":251,"column":55}},"132":{"start":{"line":253,"column":8},"end":{"line":253,"column":43}},"133":{"start":{"line":255,"column":8},"end":{"line":255,"column":64}},"134":{"start":{"line":261,"column":4},"end":{"line":264,"column":5}},"135":{"start":{"line":262,"column":8},"end":{"line":262,"column":107}},"136":{"start":{"line":263,"column":8},"end":{"line":263,"column":15}},"137":{"start":{"line":266,"column":4},"end":{"line":283,"column":16}},"138":{"start":{"line":267,"column":24},"end":{"line":267,"column":46}},"139":{"start":{"line":268,"column":24},"end":{"line":268,"column":85}},"140":{"start":{"line":269,"column":21},"end":{"line":269,"column":85}},"141":{"start":{"line":270,"column":25},"end":{"line":270,"column":81}},"142":{"start":{"line":271,"column":31},"end":{"line":271,"column":66}},"143":{"start":{"line":273,"column":8},"end":{"line":282,"column":10}},"144":{"start":{"line":287,"column":0},"end":{"line":291,"column":2}},"145":{"start":{"line":288,"column":4},"end":{"line":288,"column":38}},"146":{"start":{"line":289,"column":4},"end":{"line":289,"column":34}},"147":{"start":{"line":290,"column":4},"end":{"line":290,"column":39}},"148":{"start":{"line":295,"column":4},"end":{"line":310,"column":5}},"149":{"start":{"line":296,"column":25},"end":{"line":300,"column":10}},"150":{"start":{"line":302,"column":8},"end":{"line":304,"column":9}},"151":{"start":{"line":303,"column":12},"end":{"line":303,"column":60}},"152":{"start":{"line":306,"column":21},"end":{"line":306,"column":42}},"153":{"start":{"line":307,"column":8},"end":{"line":307,"column":44}},"154":{"start":{"line":309,"column":8},"end":{"line":309,"column":62}},"155":{"start":{"line":317,"column":20},"end":{"line":317,"column":42}},"156":{"start":{"line":318,"column":4},"end":{"line":318,"column":37}},"157":{"start":{"line":319,"column":4},"end":{"line":319,"column":32}},"158":{"start":{"line":321,"column":4},"end":{"line":326,"column":5}},"159":{"start":{"line":322,"column":8},"end":{"line":322,"column":102}},"160":{"start":{"line":323,"column":8},"end":{"line":323,"column":32}},"161":{"start":{"line":325,"column":8},"end":{"line":325,"column":59}},"162":{"start":{"line":331,"column":4},"end":{"line":331,"column":50}},"163":{"start":{"line":332,"column":4},"end":{"line":332,"column":41}},"164":{"start":{"line":334,"column":27},"end":{"line":334,"column":70}},"165":{"start":{"line":335,"column":4},"end":{"line":335,"column":78}},"166":{"start":{"line":337,"column":4},"end":{"line":337,"column":37}},"167":{"start":{"line":338,"column":4},"end":{"line":340,"column":7}},"168":{"start":{"line":339,"column":8},"end":{"line":339,"column":30}},"169":{"start":{"line":343,"column":4},"end":{"line":343,"column":52}},"170":{"start":{"line":345,"column":4},"end":{"line":345,"column":21}},"171":{"start":{"line":350,"column":23},"end":{"line":350,"column":52}},"172":{"start":{"line":351,"column":4},"end":{"line":351,"column":53}},"173":{"start":{"line":353,"column":20},"end":{"line":353,"column":49}},"174":{"start":{"line":354,"column":4},"end":{"line":354,"column":39}},"175":{"start":{"line":355,"column":4},"end":{"line":355,"column":80}},"176":{"start":{"line":357,"column":20},"end":{"line":357,"column":49}},"177":{"start":{"line":358,"column":4},"end":{"line":358,"column":39}},"178":{"start":{"line":359,"column":4},"end":{"line":359,"column":66}},"179":{"start":{"line":361,"column":4},"end":{"line":361,"column":36}},"180":{"start":{"line":362,"column":4},"end":{"line":362,"column":36}},"181":{"start":{"line":363,"column":4},"end":{"line":363,"column":46}},"182":{"start":{"line":365,"column":4},"end":{"line":365,"column":21}},"183":{"start":{"line":370,"column":4},"end":{"line":370,"column":50}},"184":{"start":{"line":371,"column":4},"end":{"line":371,"column":41}},"185":{"start":{"line":375,"column":16},"end":{"line":375,"column":21}},"186":{"start":{"line":378,"column":0},"end":{"line":378,"column":47}},"187":{"start":{"line":379,"column":0},"end":{"line":384,"column":3}},"188":{"start":{"line":380,"column":4},"end":{"line":383,"column":5}},"189":{"start":{"line":381,"column":8},"end":{"line":381,"column":27}},"190":{"start":{"line":382,"column":8},"end":{"line":382,"column":22}},"191":{"start":{"line":387,"column":17},"end":{"line":387,"column":42}},"192":{"start":{"line":390,"column":4},"end":{"line":392,"column":5}},"193":{"start":{"line":391,"column":8},"end":{"line":391,"column":15}},"194":{"start":{"line":395,"column":4},"end":{"line":395,"column":21}},"195":{"start":{"line":396,"column":4},"end":{"line":396,"column":28}},"196":{"start":{"line":397,"column":4},"end":{"line":397,"column":33}},"197":{"start":{"line":400,"column":26},"end":{"line":400,"column":30}},"198":{"start":{"line":401,"column":4},"end":{"line":401,"column":28}},"199":{"start":{"line":403,"column":4},"end":{"line":433,"column":5}},"200":{"start":{"line":404,"column":25},"end":{"line":414,"column":10}},"201":{"start":{"line":416,"column":8},"end":{"line":418,"column":9}},"202":{"start":{"line":417,"column":12},"end":{"line":417,"column":55}},"203":{"start":{"line":424,"column":8},"end":{"line":424,"column":57}},"204":{"start":{"line":425,"column":8},"end":{"line":425,"column":41}},"205":{"start":{"line":427,"column":8},"end":{"line":427,"column":43}},"206":{"start":{"line":429,"column":8},"end":{"line":429,"column":26}},"207":{"start":{"line":430,"column":8},"end":{"line":430,"column":33}},"208":{"start":{"line":431,"column":8},"end":{"line":431,"column":38}},"209":{"start":{"line":432,"column":8},"end":{"line":432,"column":29}},"210":{"start":{"line":437,"column":0},"end":{"line":466,"column":3}},"211":{"start":{"line":438,"column":4},"end":{"line":438,"column":37}},"212":{"start":{"line":438,"column":30},"end":{"line":438,"column":37}},"213":{"start":{"line":440,"column":4},"end":{"line":465,"column":5}},"214":{"start":{"line":441,"column":8},"end":{"line":464,"column":9}},"215":{"start":{"line":442,"column":29},"end":{"line":448,"column":14}},"216":{"start":{"line":450,"column":12},"end":{"line":453,"column":13}},"217":{"start":{"line":451,"column":30},"end":{"line":451,"column":51}},"218":{"start":{"line":452,"column":16},"end":{"line":452,"column":69}},"219":{"start":{"line":455,"column":12},"end":{"line":455,"column":104}},"220":{"start":{"line":458,"column":12},"end":{"line":458,"column":39}},"221":{"start":{"line":460,"column":12},"end":{"line":460,"column":32}},"222":{"start":{"line":462,"column":12},"end":{"line":462,"column":56}},"223":{"start":{"line":463,"column":12},"end":{"line":463,"column":70}},"224":{"start":{"line":470,"column":0},"end":{"line":496,"column":2}},"225":{"start":{"line":471,"column":4},"end":{"line":471,"column":42}},"226":{"start":{"line":472,"column":4},"end":{"line":472,"column":42}},"227":{"start":{"line":475,"column":4},"end":{"line":495,"column":5}},"228":{"start":{"line":476,"column":25},"end":{"line":480,"column":10}},"229":{"start":{"line":482,"column":8},"end":{"line":492,"column":9}},"230":{"start":{"line":483,"column":25},"end":{"line":483,"column":46}},"231":{"start":{"line":484,"column":12},"end":{"line":484,"column":62}},"232":{"start":{"line":485,"column":12},"end":{"line":485,"column":62}},"233":{"start":{"line":488,"column":12},"end":{"line":489,"column":104}},"234":{"start":{"line":490,"column":12},"end":{"line":491,"column":48}},"235":{"start":{"line":494,"column":8},"end":{"line":494,"column":59}},"236":{"start":{"line":498,"column":0},"end":{"line":500,"column":2}},"237":{"start":{"line":499,"column":4},"end":{"line":499,"column":45}},"238":{"start":{"line":502,"column":0},"end":{"line":536,"column":2}},"239":{"start":{"line":503,"column":20},"end":{"line":503,"column":45}},"240":{"start":{"line":505,"column":4},"end":{"line":508,"column":5}},"241":{"start":{"line":506,"column":8},"end":{"line":506,"column":59}},"242":{"start":{"line":507,"column":8},"end":{"line":507,"column":15}},"243":{"start":{"line":510,"column":4},"end":{"line":513,"column":5}},"244":{"start":{"line":511,"column":8},"end":{"line":511,"column":97}},"245":{"start":{"line":512,"column":8},"end":{"line":512,"column":15}},"246":{"start":{"line":515,"column":4},"end":{"line":535,"column":5}},"247":{"start":{"line":516,"column":25},"end":{"line":523,"column":10}},"248":{"start":{"line":525,"column":8},"end":{"line":528,"column":9}},"249":{"start":{"line":526,"column":26},"end":{"line":526,"column":47}},"250":{"start":{"line":527,"column":12},"end":{"line":527,"column":63}},"251":{"start":{"line":530,"column":8},"end":{"line":530,"column":55}},"252":{"start":{"line":531,"column":8},"end":{"line":531,"column":31}},"253":{"start":{"line":533,"column":8},"end":{"line":533,"column":60}},"254":{"start":{"line":534,"column":8},"end":{"line":534,"column":62}},"255":{"start":{"line":539,"column":0},"end":{"line":541,"column":3}},"256":{"start":{"line":540,"column":4},"end":{"line":540,"column":54}},"257":{"start":{"line":545,"column":20},"end":{"line":545,"column":24}},"258":{"start":{"line":546,"column":0},"end":{"line":561,"column":3}},"259":{"start":{"line":547,"column":4},"end":{"line":547,"column":32}},"260":{"start":{"line":548,"column":18},"end":{"line":548,"column":39}},"261":{"start":{"line":550,"column":4},"end":{"line":553,"column":5}},"262":{"start":{"line":551,"column":8},"end":{"line":551,"column":43}},"263":{"start":{"line":552,"column":8},"end":{"line":552,"column":15}},"264":{"start":{"line":555,"column":4},"end":{"line":560,"column":12}},"265":{"start":{"line":556,"column":25},"end":{"line":558,"column":9}},"266":{"start":{"line":557,"column":12},"end":{"line":557,"column":44}},"267":{"start":{"line":559,"column":8},"end":{"line":559,"column":38}},"268":{"start":{"line":565,"column":4},"end":{"line":578,"column":5}},"269":{"start":{"line":566,"column":25},"end":{"line":570,"column":10}},"270":{"start":{"line":572,"column":8},"end":{"line":572,"column":33}},"271":{"start":{"line":572,"column":26},"end":{"line":572,"column":33}},"272":{"start":{"line":574,"column":21},"end":{"line":574,"column":42}},"273":{"start":{"line":575,"column":8},"end":{"line":575,"column":65}},"274":{"start":{"line":577,"column":8},"end":{"line":577,"column":62}},"275":{"start":{"line":583,"column":4},"end":{"line":586,"column":7}},"276":{"start":{"line":590,"column":4},"end":{"line":596,"column":7}},"277":{"start":{"line":607,"column":4},"end":{"line":607,"column":41}},"278":{"start":{"line":607,"column":22},"end":{"line":607,"column":41}},"279":{"start":{"line":610,"column":20},"end":{"line":610,"column":61}},"280":{"start":{"line":614,"column":4},"end":{"line":619,"column":5}},"281":{"start":{"line":615,"column":28},"end":{"line":615,"column":51}},"282":{"start":{"line":616,"column":23},"end":{"line":616,"column":43}},"283":{"start":{"line":618,"column":8},"end":{"line":618,"column":108}},"284":{"start":{"line":622,"column":4},"end":{"line":627,"column":5}},"285":{"start":{"line":623,"column":28},"end":{"line":623,"column":51}},"286":{"start":{"line":624,"column":23},"end":{"line":624,"column":43}},"287":{"start":{"line":626,"column":8},"end":{"line":626,"column":108}},"288":{"start":{"line":630,"column":4},"end":{"line":635,"column":5}},"289":{"start":{"line":631,"column":28},"end":{"line":631,"column":51}},"290":{"start":{"line":632,"column":23},"end":{"line":632,"column":43}},"291":{"start":{"line":634,"column":8},"end":{"line":634,"column":108}},"292":{"start":{"line":638,"column":4},"end":{"line":643,"column":5}},"293":{"start":{"line":639,"column":28},"end":{"line":639,"column":51}},"294":{"start":{"line":640,"column":23},"end":{"line":640,"column":43}},"295":{"start":{"line":642,"column":8},"end":{"line":642,"column":108}},"296":{"start":{"line":646,"column":4},"end":{"line":651,"column":5}},"297":{"start":{"line":647,"column":28},"end":{"line":647,"column":51}},"298":{"start":{"line":648,"column":23},"end":{"line":648,"column":43}},"299":{"start":{"line":650,"column":8},"end":{"line":650,"column":108}},"300":{"start":{"line":654,"column":4},"end":{"line":659,"column":5}},"301":{"start":{"line":655,"column":28},"end":{"line":655,"column":51}},"302":{"start":{"line":656,"column":23},"end":{"line":656,"column":43}},"303":{"start":{"line":658,"column":8},"end":{"line":658,"column":108}},"304":{"start":{"line":662,"column":4},"end":{"line":667,"column":5}},"305":{"start":{"line":663,"column":28},"end":{"line":663,"column":51}},"306":{"start":{"line":664,"column":23},"end":{"line":664,"column":43}},"307":{"start":{"line":666,"column":8},"end":{"line":666,"column":108}},"308":{"start":{"line":670,"column":4},"end":{"line":675,"column":5}},"309":{"start":{"line":671,"column":28},"end":{"line":671,"column":51}},"310":{"start":{"line":672,"column":23},"end":{"line":672,"column":43}},"311":{"start":{"line":674,"column":8},"end":{"line":674,"column":108}},"312":{"start":{"line":679,"column":4},"end":{"line":684,"column":5}},"313":{"start":{"line":681,"column":28},"end":{"line":681,"column":51}},"314":{"start":{"line":682,"column":23},"end":{"line":682,"column":43}},"315":{"start":{"line":683,"column":8},"end":{"line":683,"column":43}},"316":{"start":{"line":687,"column":4},"end":{"line":687,"column":25}},"317":{"start":{"line":691,"column":4},"end":{"line":691,"column":65}},"318":{"start":{"line":695,"column":0},"end":{"line":717,"column":3}},"319":{"start":{"line":696,"column":22},"end":{"line":696,"column":55}},"320":{"start":{"line":697,"column":4},"end":{"line":716,"column":5}},"321":{"start":{"line":698,"column":8},"end":{"line":698,"column":32}},"322":{"start":{"line":699,"column":8},"end":{"line":713,"column":11}},"323":{"start":{"line":704,"column":12},"end":{"line":710,"column":13}},"324":{"start":{"line":705,"column":16},"end":{"line":705,"column":30}},"325":{"start":{"line":706,"column":16},"end":{"line":706,"column":32}},"326":{"start":{"line":708,"column":16},"end":{"line":708,"column":53}},"327":{"start":{"line":709,"column":16},"end":{"line":709,"column":34}},"328":{"start":{"line":712,"column":12},"end":{"line":712,"column":30}},"329":{"start":{"line":715,"column":8},"end":{"line":715,"column":26}}},"fnMap":{"0":{"name":"(anonymous_0)","decl":{"start":{"line":34,"column":37},"end":{"line":34,"column":38}},"loc":{"start":{"line":34,"column":50},"end":{"line":65,"column":1}},"line":34},"1":{"name":"doLogout","decl":{"start":{"line":68,"column":9},"end":{"line":68,"column":17}},"loc":{"start":{"line":68,"column":20},"end":{"line":76,"column":1}},"line":68},"2":{"name":"(anonymous_2)","decl":{"start":{"line":79,"column":40},"end":{"line":79,"column":41}},"loc":{"start":{"line":79,"column":47},"end":{"line":82,"column":1}},"line":79},"3":{"name":"(anonymous_3)","decl":{"start":{"line":85,"column":35},"end":{"line":85,"column":36}},"loc":{"start":{"line":85,"column":42},"end":{"line":89,"column":1}},"line":85},"4":{"name":"initTheme","decl":{"start":{"line":94,"column":9},"end":{"line":94,"column":18}},"loc":{"start":{"line":94,"column":21},"end":{"line":99,"column":1}},"line":94},"5":{"name":"toggleTheme","decl":{"start":{"line":101,"column":9},"end":{"line":101,"column":20}},"loc":{"start":{"line":101,"column":23},"end":{"line":108,"column":1}},"line":101},"6":{"name":"showLoginScreen","decl":{"start":{"line":117,"column":9},"end":{"line":117,"column":24}},"loc":{"start":{"line":117,"column":27},"end":{"line":120,"column":1}},"line":117},"7":{"name":"showMainApp","decl":{"start":{"line":122,"column":9},"end":{"line":122,"column":20}},"loc":{"start":{"line":122,"column":23},"end":{"line":125,"column":1}},"line":122},"8":{"name":"initializeApp","decl":{"start":{"line":128,"column":9},"end":{"line":128,"column":22}},"loc":{"start":{"line":128,"column":25},"end":{"line":138,"column":1}},"line":128},"9":{"name":"(anonymous_9)","decl":{"start":{"line":134,"column":38},"end":{"line":134,"column":39}},"loc":{"start":{"line":134,"column":44},"end":{"line":137,"column":5}},"line":134},"10":{"name":"playNotificationSound","decl":{"start":{"line":141,"column":9},"end":{"line":141,"column":30}},"loc":{"start":{"line":141,"column":33},"end":{"line":158,"column":1}},"line":141},"11":{"name":"connectWebSocket","decl":{"start":{"line":161,"column":9},"end":{"line":161,"column":25}},"loc":{"start":{"line":161,"column":28},"end":{"line":234,"column":1}},"line":161},"12":{"name":"(anonymous_12)","decl":{"start":{"line":164,"column":25},"end":{"line":164,"column":26}},"loc":{"start":{"line":164,"column":31},"end":{"line":168,"column":5}},"line":164},"13":{"name":"(anonymous_13)","decl":{"start":{"line":170,"column":28},"end":{"line":170,"column":29}},"loc":{"start":{"line":170,"column":34},"end":{"line":174,"column":5}},"line":170},"14":{"name":"(anonymous_14)","decl":{"start":{"line":176,"column":29},"end":{"line":176,"column":30}},"loc":{"start":{"line":176,"column":39},"end":{"line":208,"column":5}},"line":176},"15":{"name":"(anonymous_15)","decl":{"start":{"line":210,"column":30},"end":{"line":210,"column":31}},"loc":{"start":{"line":210,"column":40},"end":{"line":215,"column":5}},"line":210},"16":{"name":"(anonymous_16)","decl":{"start":{"line":217,"column":39},"end":{"line":217,"column":40}},"loc":{"start":{"line":217,"column":49},"end":{"line":224,"column":5}},"line":217},"17":{"name":"(anonymous_17)","decl":{"start":{"line":226,"column":40},"end":{"line":226,"column":41}},"loc":{"start":{"line":226,"column":50},"end":{"line":233,"column":5}},"line":226},"18":{"name":"loadConversations","decl":{"start":{"line":237,"column":15},"end":{"line":237,"column":32}},"loc":{"start":{"line":237,"column":35},"end":{"line":257,"column":1}},"line":237},"19":{"name":"renderConversations","decl":{"start":{"line":260,"column":9},"end":{"line":260,"column":28}},"loc":{"start":{"line":260,"column":36},"end":{"line":284,"column":1}},"line":260},"20":{"name":"(anonymous_20)","decl":{"start":{"line":266,"column":43},"end":{"line":266,"column":44}},"loc":{"start":{"line":266,"column":51},"end":{"line":283,"column":5}},"line":266},"21":{"name":"(anonymous_21)","decl":{"start":{"line":287,"column":28},"end":{"line":287,"column":29}},"loc":{"start":{"line":287,"column":50},"end":{"line":291,"column":1}},"line":287},"22":{"name":"loadConversation","decl":{"start":{"line":294,"column":15},"end":{"line":294,"column":31}},"loc":{"start":{"line":294,"column":45},"end":{"line":311,"column":1}},"line":294},"23":{"name":"updateTextareaState","decl":{"start":{"line":314,"column":9},"end":{"line":314,"column":28}},"loc":{"start":{"line":314,"column":44},"end":{"line":327,"column":1}},"line":314},"24":{"name":"showConversation","decl":{"start":{"line":330,"column":9},"end":{"line":330,"column":25}},"loc":{"start":{"line":330,"column":40},"end":{"line":346,"column":1}},"line":330},"25":{"name":"(anonymous_25)","decl":{"start":{"line":338,"column":34},"end":{"line":338,"column":35}},"loc":{"start":{"line":338,"column":41},"end":{"line":340,"column":5}},"line":338},"26":{"name":"addMessageToChat","decl":{"start":{"line":349,"column":9},"end":{"line":349,"column":25}},"loc":{"start":{"line":349,"column":35},"end":{"line":366,"column":1}},"line":349},"27":{"name":"showNoConversation","decl":{"start":{"line":369,"column":9},"end":{"line":369,"column":27}},"loc":{"start":{"line":369,"column":30},"end":{"line":372,"column":1}},"line":369},"28":{"name":"(anonymous_28)","decl":{"start":{"line":379,"column":41},"end":{"line":379,"column":42}},"loc":{"start":{"line":379,"column":48},"end":{"line":384,"column":1}},"line":379},"29":{"name":"sendMessage","decl":{"start":{"line":386,"column":15},"end":{"line":386,"column":26}},"loc":{"start":{"line":386,"column":29},"end":{"line":434,"column":1}},"line":386},"30":{"name":"(anonymous_30)","decl":{"start":{"line":437,"column":38},"end":{"line":437,"column":39}},"loc":{"start":{"line":437,"column":50},"end":{"line":466,"column":1}},"line":437},"31":{"name":"(anonymous_31)","decl":{"start":{"line":470,"column":29},"end":{"line":470,"column":30}},"loc":{"start":{"line":470,"column":46},"end":{"line":496,"column":1}},"line":470},"32":{"name":"(anonymous_32)","decl":{"start":{"line":498,"column":30},"end":{"line":498,"column":31}},"loc":{"start":{"line":498,"column":41},"end":{"line":500,"column":1}},"line":498},"33":{"name":"(anonymous_33)","decl":{"start":{"line":502,"column":23},"end":{"line":502,"column":24}},"loc":{"start":{"line":502,"column":40},"end":{"line":536,"column":1}},"line":502},"34":{"name":"(anonymous_34)","decl":{"start":{"line":539,"column":39},"end":{"line":539,"column":40}},"loc":{"start":{"line":539,"column":45},"end":{"line":541,"column":1}},"line":539},"35":{"name":"(anonymous_35)","decl":{"start":{"line":546,"column":38},"end":{"line":546,"column":39}},"loc":{"start":{"line":546,"column":45},"end":{"line":561,"column":1}},"line":546},"36":{"name":"(anonymous_36)","decl":{"start":{"line":555,"column":31},"end":{"line":555,"column":32}},"loc":{"start":{"line":555,"column":37},"end":{"line":560,"column":5}},"line":555},"37":{"name":"(anonymous_37)","decl":{"start":{"line":556,"column":46},"end":{"line":556,"column":47}},"loc":{"start":{"line":557,"column":12},"end":{"line":557,"column":44}},"line":557},"38":{"name":"loadStatistics","decl":{"start":{"line":564,"column":15},"end":{"line":564,"column":29}},"loc":{"start":{"line":564,"column":32},"end":{"line":579,"column":1}},"line":564},"39":{"name":"formatTime","decl":{"start":{"line":582,"column":9},"end":{"line":582,"column":19}},"loc":{"start":{"line":582,"column":26},"end":{"line":587,"column":1}},"line":582},"40":{"name":"formatDate","decl":{"start":{"line":589,"column":9},"end":{"line":589,"column":19}},"loc":{"start":{"line":589,"column":26},"end":{"line":597,"column":1}},"line":589},"41":{"name":"formatPhoneNumber","decl":{"start":{"line":606,"column":9},"end":{"line":606,"column":26}},"loc":{"start":{"line":606,"column":40},"end":{"line":688,"column":1}},"line":606},"42":{"name":"scrollToBottom","decl":{"start":{"line":690,"column":9},"end":{"line":690,"column":23}},"loc":{"start":{"line":690,"column":26},"end":{"line":692,"column":1}},"line":690},"43":{"name":"(anonymous_43)","decl":{"start":{"line":695,"column":32},"end":{"line":695,"column":33}},"loc":{"start":{"line":695,"column":38},"end":{"line":717,"column":1}},"line":695},"44":{"name":"(anonymous_44)","decl":{"start":{"line":703,"column":16},"end":{"line":703,"column":17}},"loc":{"start":{"line":703,"column":28},"end":{"line":711,"column":9}},"line":703},"45":{"name":"(anonymous_45)","decl":{"start":{"line":711,"column":17},"end":{"line":711,"column":18}},"loc":{"start":{"line":711,"column":23},"end":{"line":713,"column":9}},"line":711}},"branchMap":{"0":{"loc":{"start":{"line":47,"column":8},"end":{"line":60,"column":9}},"type":"if","locations":[{"start":{"line":47,"column":8},"end":{"line":60,"column":9}},{"start":{"line":58,"column":15},"end":{"line":60,"column":9}}],"line":47},"1":{"loc":{"start":{"line":55,"column":12},"end":{"line":57,"column":13}},"type":"if","locations":[{"start":{"line":55,"column":12},"end":{"line":57,"column":13}},{"start":{},"end":{}}],"line":55},"2":{"loc":{"start":{"line":55,"column":16},"end":{"line":55,"column":81}},"type":"binary-expr","locations":[{"start":{"line":55,"column":16},"end":{"line":55,"column":40}},{"start":{"line":55,"column":44},"end":{"line":55,"column":81}}],"line":55},"3":{"loc":{"start":{"line":71,"column":4},"end":{"line":73,"column":5}},"type":"if","locations":[{"start":{"line":71,"column":4},"end":{"line":73,"column":5}},{"start":{},"end":{}}],"line":71},"4":{"loc":{"start":{"line":86,"column":4},"end":{"line":88,"column":5}},"type":"if","locations":[{"start":{"line":86,"column":4},"end":{"line":88,"column":5}},{"start":{},"end":{}}],"line":86},"5":{"loc":{"start":{"line":86,"column":8},"end":{"line":86,"column":77}},"type":"binary-expr","locations":[{"start":{"line":86,"column":8},"end":{"line":86,"column":41}},{"start":{"line":86,"column":45},"end":{"line":86,"column":77}}],"line":86},"6":{"loc":{"start":{"line":96,"column":23},"end":{"line":96,"column":68}},"type":"binary-expr","locations":[{"start":{"line":96,"column":23},"end":{"line":96,"column":57}},{"start":{"line":96,"column":61},"end":{"line":96,"column":68}}],"line":96},"7":{"loc":{"start":{"line":103,"column":21},"end":{"line":103,"column":63}},"type":"cond-expr","locations":[{"start":{"line":103,"column":47},"end":{"line":103,"column":54}},{"start":{"line":103,"column":57},"end":{"line":103,"column":63}}],"line":103},"8":{"loc":{"start":{"line":143,"column":30},"end":{"line":143,"column":78}},"type":"binary-expr","locations":[{"start":{"line":143,"column":30},"end":{"line":143,"column":49}},{"start":{"line":143,"column":53},"end":{"line":143,"column":78}}],"line":143},"9":{"loc":{"start":{"line":183,"column":29},"end":{"line":185,"column":40}},"type":"binary-expr","locations":[{"start":{"line":183,"column":29},"end":{"line":183,"column":59}},{"start":{"line":184,"column":28},"end":{"line":184,"column":61}},{"start":{"line":184,"column":65},"end":{"line":184,"column":107}},{"start":{"line":185,"column":27},"end":{"line":185,"column":40}}],"line":183},"10":{"loc":{"start":{"line":187,"column":8},"end":{"line":199,"column":9}},"type":"if","locations":[{"start":{"line":187,"column":8},"end":{"line":199,"column":9}},{"start":{},"end":{}}],"line":187},"11":{"loc":{"start":{"line":192,"column":12},"end":{"line":198,"column":13}},"type":"if","locations":[{"start":{"line":192,"column":12},"end":{"line":198,"column":13}},{"start":{},"end":{}}],"line":192},"12":{"loc":{"start":{"line":192,"column":16},"end":{"line":192,"column":81}},"type":"binary-expr","locations":[{"start":{"line":192,"column":16},"end":{"line":192,"column":40}},{"start":{"line":192,"column":44},"end":{"line":192,"column":81}}],"line":192},"13":{"loc":{"start":{"line":202,"column":8},"end":{"line":205,"column":9}},"type":"if","locations":[{"start":{"line":202,"column":8},"end":{"line":205,"column":9}},{"start":{},"end":{}}],"line":202},"14":{"loc":{"start":{"line":212,"column":8},"end":{"line":214,"column":9}},"type":"if","locations":[{"start":{"line":212,"column":8},"end":{"line":214,"column":9}},{"start":{},"end":{}}],"line":212},"15":{"loc":{"start":{"line":220,"column":8},"end":{"line":223,"column":9}},"type":"if","locations":[{"start":{"line":220,"column":8},"end":{"line":223,"column":9}},{"start":{},"end":{}}],"line":220},"16":{"loc":{"start":{"line":229,"column":8},"end":{"line":231,"column":9}},"type":"if","locations":[{"start":{"line":229,"column":8},"end":{"line":231,"column":9}},{"start":{},"end":{}}],"line":229},"17":{"loc":{"start":{"line":229,"column":12},"end":{"line":229,"column":83}},"type":"binary-expr","locations":[{"start":{"line":229,"column":12},"end":{"line":229,"column":52}},{"start":{"line":229,"column":56},"end":{"line":229,"column":83}}],"line":229},"18":{"loc":{"start":{"line":245,"column":8},"end":{"line":247,"column":9}},"type":"if","locations":[{"start":{"line":245,"column":8},"end":{"line":247,"column":9}},{"start":{},"end":{}}],"line":245},"19":{"loc":{"start":{"line":250,"column":24},"end":{"line":250,"column":48}},"type":"binary-expr","locations":[{"start":{"line":250,"column":24},"end":{"line":250,"column":42}},{"start":{"line":250,"column":46},"end":{"line":250,"column":48}}],"line":250},"20":{"loc":{"start":{"line":261,"column":4},"end":{"line":264,"column":5}},"type":"if","locations":[{"start":{"line":261,"column":4},"end":{"line":264,"column":5}},{"start":{},"end":{}}],"line":261},"21":{"loc":{"start":{"line":267,"column":24},"end":{"line":267,"column":46}},"type":"binary-expr","locations":[{"start":{"line":267,"column":24},"end":{"line":267,"column":40}},{"start":{"line":267,"column":44},"end":{"line":267,"column":46}}],"line":267},"22":{"loc":{"start":{"line":268,"column":24},"end":{"line":268,"column":85}},"type":"cond-expr","locations":[{"start":{"line":268,"column":39},"end":{"line":268,"column":68}},{"start":{"line":268,"column":71},"end":{"line":268,"column":85}}],"line":268},"23":{"loc":{"start":{"line":269,"column":21},"end":{"line":269,"column":85}},"type":"cond-expr","locations":[{"start":{"line":269,"column":41},"end":{"line":269,"column":80}},{"start":{"line":269,"column":83},"end":{"line":269,"column":85}}],"line":269},"24":{"loc":{"start":{"line":270,"column":25},"end":{"line":270,"column":81}},"type":"cond-expr","locations":[{"start":{"line":270,"column":68},"end":{"line":270,"column":76}},{"start":{"line":270,"column":79},"end":{"line":270,"column":81}}],"line":270},"25":{"loc":{"start":{"line":276,"column":62},"end":{"line":276,"column":115}},"type":"cond-expr","locations":[{"start":{"line":276,"column":105},"end":{"line":276,"column":110}},{"start":{"line":276,"column":113},"end":{"line":276,"column":115}}],"line":276},"26":{"loc":{"start":{"line":276,"column":62},"end":{"line":276,"column":102}},"type":"binary-expr","locations":[{"start":{"line":276,"column":62},"end":{"line":276,"column":74}},{"start":{"line":276,"column":78},"end":{"line":276,"column":102}}],"line":276},"27":{"loc":{"start":{"line":302,"column":8},"end":{"line":304,"column":9}},"type":"if","locations":[{"start":{"line":302,"column":8},"end":{"line":304,"column":9}},{"start":{},"end":{}}],"line":302},"28":{"loc":{"start":{"line":321,"column":4},"end":{"line":326,"column":5}},"type":"if","locations":[{"start":{"line":321,"column":4},"end":{"line":326,"column":5}},{"start":{"line":324,"column":11},"end":{"line":326,"column":5}}],"line":321},"29":{"loc":{"start":{"line":355,"column":26},"end":{"line":355,"column":79}},"type":"binary-expr","locations":[{"start":{"line":355,"column":26},"end":{"line":355,"column":38}},{"start":{"line":355,"column":42},"end":{"line":355,"column":54}},{"start":{"line":355,"column":58},"end":{"line":355,"column":79}}],"line":355},"30":{"loc":{"start":{"line":380,"column":4},"end":{"line":383,"column":5}},"type":"if","locations":[{"start":{"line":380,"column":4},"end":{"line":383,"column":5}},{"start":{},"end":{}}],"line":380},"31":{"loc":{"start":{"line":380,"column":8},"end":{"line":380,"column":40}},"type":"binary-expr","locations":[{"start":{"line":380,"column":8},"end":{"line":380,"column":25}},{"start":{"line":380,"column":29},"end":{"line":380,"column":40}}],"line":380},"32":{"loc":{"start":{"line":390,"column":4},"end":{"line":392,"column":5}},"type":"if","locations":[{"start":{"line":390,"column":4},"end":{"line":392,"column":5}},{"start":{},"end":{}}],"line":390},"33":{"loc":{"start":{"line":390,"column":8},"end":{"line":390,"column":50}},"type":"binary-expr","locations":[{"start":{"line":390,"column":8},"end":{"line":390,"column":13}},{"start":{"line":390,"column":17},"end":{"line":390,"column":37}},{"start":{"line":390,"column":41},"end":{"line":390,"column":50}}],"line":390},"34":{"loc":{"start":{"line":416,"column":8},"end":{"line":418,"column":9}},"type":"if","locations":[{"start":{"line":416,"column":8},"end":{"line":418,"column":9}},{"start":{},"end":{}}],"line":416},"35":{"loc":{"start":{"line":438,"column":4},"end":{"line":438,"column":37}},"type":"if","locations":[{"start":{"line":438,"column":4},"end":{"line":438,"column":37}},{"start":{},"end":{}}],"line":438},"36":{"loc":{"start":{"line":440,"column":4},"end":{"line":465,"column":5}},"type":"if","locations":[{"start":{"line":440,"column":4},"end":{"line":465,"column":5}},{"start":{},"end":{}}],"line":440},"37":{"loc":{"start":{"line":450,"column":12},"end":{"line":453,"column":13}},"type":"if","locations":[{"start":{"line":450,"column":12},"end":{"line":453,"column":13}},{"start":{},"end":{}}],"line":450},"38":{"loc":{"start":{"line":452,"column":32},"end":{"line":452,"column":67}},"type":"binary-expr","locations":[{"start":{"line":452,"column":32},"end":{"line":452,"column":43}},{"start":{"line":452,"column":47},"end":{"line":452,"column":67}}],"line":452},"39":{"loc":{"start":{"line":463,"column":18},"end":{"line":463,"column":68}},"type":"binary-expr","locations":[{"start":{"line":463,"column":18},"end":{"line":463,"column":31}},{"start":{"line":463,"column":35},"end":{"line":463,"column":68}}],"line":463},"40":{"loc":{"start":{"line":482,"column":8},"end":{"line":492,"column":9}},"type":"if","locations":[{"start":{"line":482,"column":8},"end":{"line":492,"column":9}},{"start":{},"end":{}}],"line":482},"41":{"loc":{"start":{"line":484,"column":33},"end":{"line":484,"column":61}},"type":"binary-expr","locations":[{"start":{"line":484,"column":33},"end":{"line":484,"column":55}},{"start":{"line":484,"column":59},"end":{"line":484,"column":61}}],"line":484},"42":{"loc":{"start":{"line":489,"column":16},"end":{"line":489,"column":103}},"type":"cond-expr","locations":[{"start":{"line":489,"column":45},"end":{"line":489,"column":93}},{"start":{"line":489,"column":96},"end":{"line":489,"column":103}}],"line":489},"43":{"loc":{"start":{"line":491,"column":16},"end":{"line":491,"column":47}},"type":"binary-expr","locations":[{"start":{"line":491,"column":16},"end":{"line":491,"column":40}},{"start":{"line":491,"column":44},"end":{"line":491,"column":47}}],"line":491},"44":{"loc":{"start":{"line":505,"column":4},"end":{"line":508,"column":5}},"type":"if","locations":[{"start":{"line":505,"column":4},"end":{"line":508,"column":5}},{"start":{},"end":{}}],"line":505},"45":{"loc":{"start":{"line":510,"column":4},"end":{"line":513,"column":5}},"type":"if","locations":[{"start":{"line":510,"column":4},"end":{"line":513,"column":5}},{"start":{},"end":{}}],"line":510},"46":{"loc":{"start":{"line":525,"column":8},"end":{"line":528,"column":9}},"type":"if","locations":[{"start":{"line":525,"column":8},"end":{"line":528,"column":9}},{"start":{},"end":{}}],"line":525},"47":{"loc":{"start":{"line":527,"column":28},"end":{"line":527,"column":61}},"type":"binary-expr","locations":[{"start":{"line":527,"column":28},"end":{"line":527,"column":39}},{"start":{"line":527,"column":43},"end":{"line":527,"column":61}}],"line":527},"48":{"loc":{"start":{"line":550,"column":4},"end":{"line":553,"column":5}},"type":"if","locations":[{"start":{"line":550,"column":4},"end":{"line":553,"column":5}},{"start":{},"end":{}}],"line":550},"49":{"loc":{"start":{"line":572,"column":8},"end":{"line":572,"column":33}},"type":"if","locations":[{"start":{"line":572,"column":8},"end":{"line":572,"column":33}},{"start":{},"end":{}}],"line":572},"50":{"loc":{"start":{"line":607,"column":4},"end":{"line":607,"column":41}},"type":"if","locations":[{"start":{"line":607,"column":4},"end":{"line":607,"column":41}},{"start":{},"end":{}}],"line":607},"51":{"loc":{"start":{"line":614,"column":4},"end":{"line":619,"column":5}},"type":"if","locations":[{"start":{"line":614,"column":4},"end":{"line":619,"column":5}},{"start":{},"end":{}}],"line":614},"52":{"loc":{"start":{"line":614,"column":8},"end":{"line":614,"column":57}},"type":"binary-expr","locations":[{"start":{"line":614,"column":8},"end":{"line":614,"column":32}},{"start":{"line":614,"column":36},"end":{"line":614,"column":57}}],"line":614},"53":{"loc":{"start":{"line":622,"column":4},"end":{"line":627,"column":5}},"type":"if","locations":[{"start":{"line":622,"column":4},"end":{"line":627,"column":5}},{"start":{},"end":{}}],"line":622},"54":{"loc":{"start":{"line":622,"column":8},"end":{"line":622,"column":56}},"type":"binary-expr","locations":[{"start":{"line":622,"column":8},"end":{"line":622,"column":31}},{"start":{"line":622,"column":35},"end":{"line":622,"column":56}}],"line":622},"55":{"loc":{"start":{"line":630,"column":4},"end":{"line":635,"column":5}},"type":"if","locations":[{"start":{"line":630,"column":4},"end":{"line":635,"column":5}},{"start":{},"end":{}}],"line":630},"56":{"loc":{"start":{"line":630,"column":8},"end":{"line":630,"column":57}},"type":"binary-expr","locations":[{"start":{"line":630,"column":8},"end":{"line":630,"column":32}},{"start":{"line":630,"column":36},"end":{"line":630,"column":57}}],"line":630},"57":{"loc":{"start":{"line":638,"column":4},"end":{"line":643,"column":5}},"type":"if","locations":[{"start":{"line":638,"column":4},"end":{"line":643,"column":5}},{"start":{},"end":{}}],"line":638},"58":{"loc":{"start":{"line":638,"column":8},"end":{"line":638,"column":84}},"type":"binary-expr","locations":[{"start":{"line":638,"column":8},"end":{"line":638,"column":32}},{"start":{"line":638,"column":37},"end":{"line":638,"column":58}},{"start":{"line":638,"column":62},"end":{"line":638,"column":83}}],"line":638},"59":{"loc":{"start":{"line":646,"column":4},"end":{"line":651,"column":5}},"type":"if","locations":[{"start":{"line":646,"column":4},"end":{"line":651,"column":5}},{"start":{},"end":{}}],"line":646},"60":{"loc":{"start":{"line":646,"column":8},"end":{"line":646,"column":57}},"type":"binary-expr","locations":[{"start":{"line":646,"column":8},"end":{"line":646,"column":32}},{"start":{"line":646,"column":36},"end":{"line":646,"column":57}}],"line":646},"61":{"loc":{"start":{"line":654,"column":4},"end":{"line":659,"column":5}},"type":"if","locations":[{"start":{"line":654,"column":4},"end":{"line":659,"column":5}},{"start":{},"end":{}}],"line":654},"62":{"loc":{"start":{"line":654,"column":8},"end":{"line":654,"column":84}},"type":"binary-expr","locations":[{"start":{"line":654,"column":8},"end":{"line":654,"column":32}},{"start":{"line":654,"column":37},"end":{"line":654,"column":58}},{"start":{"line":654,"column":62},"end":{"line":654,"column":83}}],"line":654},"63":{"loc":{"start":{"line":662,"column":4},"end":{"line":667,"column":5}},"type":"if","locations":[{"start":{"line":662,"column":4},"end":{"line":667,"column":5}},{"start":{},"end":{}}],"line":662},"64":{"loc":{"start":{"line":662,"column":8},"end":{"line":662,"column":57}},"type":"binary-expr","locations":[{"start":{"line":662,"column":8},"end":{"line":662,"column":32}},{"start":{"line":662,"column":36},"end":{"line":662,"column":57}}],"line":662},"65":{"loc":{"start":{"line":670,"column":4},"end":{"line":675,"column":5}},"type":"if","locations":[{"start":{"line":670,"column":4},"end":{"line":675,"column":5}},{"start":{},"end":{}}],"line":670},"66":{"loc":{"start":{"line":670,"column":8},"end":{"line":670,"column":57}},"type":"binary-expr","locations":[{"start":{"line":670,"column":8},"end":{"line":670,"column":32}},{"start":{"line":670,"column":36},"end":{"line":670,"column":57}}],"line":670},"67":{"loc":{"start":{"line":679,"column":4},"end":{"line":684,"column":5}},"type":"if","locations":[{"start":{"line":679,"column":4},"end":{"line":684,"column":5}},{"start":{},"end":{}}],"line":679},"68":{"loc":{"start":{"line":697,"column":4},"end":{"line":716,"column":5}},"type":"if","locations":[{"start":{"line":697,"column":4},"end":{"line":716,"column":5}},{"start":{"line":714,"column":11},"end":{"line":716,"column":5}}],"line":697},"69":{"loc":{"start":{"line":704,"column":12},"end":{"line":710,"column":13}},"type":"if","locations":[{"start":{"line":704,"column":12},"end":{"line":710,"column":13}},{"start":{"line":707,"column":19},"end":{"line":710,"column":13}}],"line":704}},"s":{"0":0,"1":0,"2":0,"3":0,"4":0,"5":0,"6":0,"7":0,"8":0,"9":0,"10":0,"11":0,"12":0,"13":0,"14":0,"15":0,"16":0,"17":0,"18":0,"19":0,"20":0,"21":0,"22":0,"23":0,"24":0,"25":0,"26":0,"27":0,"28":0,"29":0,"30":0,"31":0,"32":0,"33":0,"34":0,"35":0,"36":0,"37":0,"38":0,"39":0,"40":0,"41":0,"42":0,"43":0,"44":0,"45":0,"46":0,"47":0,"48":0,"49":0,"50":0,"51":0,"52":0,"53":0,"54":0,"55":0,"56":0,"57":0,"58":0,"59":0,"60":0,"61":0,"62":0,"63":0,"64":0,"65":0,"66":0,"67":0,"68":0,"69":0,"70":0,"71":0,"72":0,"73":0,"74":0,"75":0,"76":0,"77":0,"78":0,"79":0,"80":0,"81":0,"82":0,"83":0,"84":0,"85":0,"86":0,"87":0,"88":0,"89":0,"90":0,"91":0,"92":0,"93":0,"94":0,"95":0,"96":0,"97":0,"98":0,"99":0,"100":0,"101":0,"102":0,"103":0,"104":0,"105":0,"106":0,"107":0,"108":0,"109":0,"110":0,"111":0,"112":0,"113":0,"114":0,"115":0,"116":0,"117":0,"118":0,"119":0,"120":0,"121":0,"122":0,"123":0,"124":0,"125":0,"126":0,"127":0,"128":0,"129":0,"130":0,"131":0,"132":0,"133":0,"134":0,"135":0,"136":0,"137":0,"138":0,"139":0,"140":0,"141":0,"142":0,"143":0,"144":0,"145":0,"146":0,"147":0,"148":0,"149":0,"150":0,"151":0,"152":0,"153":0,"154":0,"155":0,"156":0,"157":0,"158":0,"159":0,"160":0,"161":0,"162":0,"163":0,"164":0,"165":0,"166":0,"167":0,"168":0,"169":0,"170":0,"171":0,"172":0,"173":0,"174":0,"175":0,"176":0,"177":0,"178":0,"179":0,"180":0,"181":0,"182":0,"183":0,"184":0,"185":0,"186":0,"187":0,"188":0,"189":0,"190":0,"191":0,"192":0,"193":0,"194":0,"195":0,"196":0,"197":0,"198":0,"199":0,"200":0,"201":0,"202":0,"203":0,"204":0,"205":0,"206":0,"207":0,"208":0,"209":0,"210":0,"211":0,"212":0,"213":0,"214":0,"215":0,"216":0,"217":0,"218":0,"219":0,"220":0,"221":0,"222":0,"223":0,"224":0,"225":0,"226":0,"227":0,"228":0,"229":0,"230":0,"231":0,"232":0,"233":0,"234":0,"235":0,"236":0,"237":0,"238":0,"239":0,"240":0,"241":0,"242":0,"243":0,"244":0,"245":0,"246":0,"247":0,"248":0,"249":0,"250":0,"251":0,"252":0,"253":0,"254":0,"255":0,"256":0,"257":0,"258":0,"259":0,"260":0,"261":0,"262":0,"263":0,"264":0,"265":0,"266":0,"267":0,"268":0,"269":0,"270":0,"271":0,"272":0,"273":0,"274":0,"275":0,"276":0,"277":0,"278":0,"279":0,"280":0,"281":0,"282":0,"283":0,"284":0,"285":0,"286":0,"287":0,"288":0,"289":0,"290":0,"291":0,"292":0,"293":0,"294":0,"295":0,"296":0,"297":0,"298":0,"299":0,"300":0,"301":0,"302":0,"303":0,"304":0,"305":0,"306":0,"307":0,"308":0,"309":0,"310":0,"311":0,"312":0,"313":0,"314":0,"315":0,"316":0,"317":0,"318":0,"319":0,"320":0,"321":0,"322":0,"323":0,"324":0,"325":0,"326":0,"327":0,"328":0,"329":0},"f":{"0":0,"1":0,"2":0,"3":0,"4":0,"5":0,"6":0,"7":0,"8":0,"9":0,"10":0,"11":0,"12":0,"13":0,"14":0,"15":0,"16":0,"17":0,"18":0,"19":0,"20":0,"21":0,"22":0,"23":0,"24":0,"25":0,"26":0,"27":0,"28":0,"29":0,"30":0,"31":0,"32":0,"33":0,"34":0,"35":0,"36":0,"37":0,"38":0,"39":0,"40":0,"41":0,"42":0,"43":0,"44":0,"45":0},"b":{"0":[0,0],"1":[0,0],"2":[0,0],"3":[0,0],"4":[0,0],"5":[0,0],"6":[0,0],"7":[0,0],"8":[0,0],"9":[0,0,0,0],"10":[0,0],"11":[0,0],"12":[0,0],"13":[0,0],"14":[0,0],"15":[0,0],"16":[0,0],"17":[0,0],"18":[0,0],"19":[0,0],"20":[0,0],"21":[0,0],"22":[0,0],"23":[0,0],"24":[0,0],"25":[0,0],"26":[0,0],"27":[0,0],"28":[0,0],"29":[0,0,0],"30":[0,0],"31":[0,0],"32":[0,0],"33":[0,0,0],"34":[0,0],"35":[0,0],"36":[0,0],"37":[0,0],"38":[0,0],"39":[0,0],"40":[0,0],"41":[0,0],"42":[0,0],"43":[0,0],"44":[0,0],"45":[0,0],"46":[0,0],"47":[0,0],"48":[0,0],"49":[0,0],"50":[0,0],"51":[0,0],"52":[0,0],"53":[0,0],"54":[0,0],"55":[0,0],"56":[0,0],"57":[0,0],"58":[0,0,0],"59":[0,0],"60":[0,0],"61":[0,0],"62":[0,0,0],"63":[0,0],"64":[0,0],"65":[0,0],"66":[0,0],"67":[0,0],"68":[0,0],"69":[0,0]}}
,"C:\\Users\\USER\\Documents\\AUTwpp\\wpp\\src\\routes\\panel.js": {"path":"C:\\Users\\USER\\Documents\\AUTwpp\\wpp\\src\\routes\\panel.js","statementMap":{"0":{"start":{"line":1,"column":16},"end":{"line":1,"column":34}},"1":{"start":{"line":2,"column":15},"end":{"line":2,"column":31}},"2":{"start":{"line":3,"column":28},"end":{"line":3,"column":70}},"3":{"start":{"line":4,"column":24},"end":{"line":4,"column":62}},"4":{"start":{"line":5,"column":20},"end":{"line":5,"column":54}},"5":{"start":{"line":6,"column":11},"end":{"line":6,"column":24}},"6":{"start":{"line":7,"column":13},"end":{"line":7,"column":28}},"7":{"start":{"line":13,"column":23},"end":{"line":13,"column":51}},"8":{"start":{"line":15,"column":4},"end":{"line":17,"column":5}},"9":{"start":{"line":16,"column":8},"end":{"line":16,"column":64}},"10":{"start":{"line":20,"column":30},"end":{"line":20,"column":60}},"11":{"start":{"line":21,"column":24},"end":{"line":21,"column":82}},"12":{"start":{"line":22,"column":33},"end":{"line":22,"column":55}},"13":{"start":{"line":25,"column":26},"end":{"line":25,"column":63}},"14":{"start":{"line":26,"column":26},"end":{"line":26,"column":76}},"15":{"start":{"line":28,"column":4},"end":{"line":32,"column":5}},"16":{"start":{"line":29,"column":8},"end":{"line":29,"column":15}},"17":{"start":{"line":31,"column":8},"end":{"line":31,"column":66}},"18":{"start":{"line":39,"column":0},"end":{"line":58,"column":3}},"19":{"start":{"line":40,"column":4},"end":{"line":57,"column":5}},"20":{"start":{"line":41,"column":30},"end":{"line":41,"column":77}},"21":{"start":{"line":42,"column":8},"end":{"line":53,"column":11}},"22":{"start":{"line":45,"column":54},"end":{"line":52,"column":13}},"23":{"start":{"line":55,"column":8},"end":{"line":55,"column":65}},"24":{"start":{"line":56,"column":8},"end":{"line":56,"column":75}},"25":{"start":{"line":64,"column":0},"end":{"line":93,"column":3}},"26":{"start":{"line":65,"column":4},"end":{"line":92,"column":5}},"27":{"start":{"line":66,"column":32},"end":{"line":66,"column":42}},"28":{"start":{"line":67,"column":29},"end":{"line":67,"column":83}},"29":{"start":{"line":69,"column":8},"end":{"line":71,"column":9}},"30":{"start":{"line":70,"column":12},"end":{"line":70,"column":81}},"31":{"start":{"line":74,"column":28},"end":{"line":74,"column":67}},"32":{"start":{"line":75,"column":30},"end":{"line":76,"column":74}},"33":{"start":{"line":78,"column":8},"end":{"line":88,"column":11}},"34":{"start":{"line":90,"column":8},"end":{"line":90,"column":63}},"35":{"start":{"line":91,"column":8},"end":{"line":91,"column":73}},"36":{"start":{"line":99,"column":0},"end":{"line":115,"column":3}},"37":{"start":{"line":100,"column":4},"end":{"line":114,"column":5}},"38":{"start":{"line":101,"column":32},"end":{"line":101,"column":42}},"39":{"start":{"line":102,"column":22},"end":{"line":102,"column":53}},"40":{"start":{"line":104,"column":24},"end":{"line":104,"column":92}},"41":{"start":{"line":106,"column":8},"end":{"line":110,"column":11}},"42":{"start":{"line":112,"column":8},"end":{"line":112,"column":60}},"43":{"start":{"line":113,"column":8},"end":{"line":113,"column":70}},"44":{"start":{"line":121,"column":0},"end":{"line":162,"column":3}},"45":{"start":{"line":122,"column":4},"end":{"line":161,"column":5}},"46":{"start":{"line":123,"column":41},"end":{"line":123,"column":49}},"47":{"start":{"line":125,"column":8},"end":{"line":127,"column":9}},"48":{"start":{"line":126,"column":12},"end":{"line":126,"column":91}},"49":{"start":{"line":130,"column":8},"end":{"line":130,"column":71}},"50":{"start":{"line":133,"column":8},"end":{"line":137,"column":11}},"51":{"start":{"line":140,"column":8},"end":{"line":140,"column":53}},"52":{"start":{"line":142,"column":8},"end":{"line":145,"column":11}},"53":{"start":{"line":148,"column":8},"end":{"line":157,"column":9}},"54":{"start":{"line":149,"column":12},"end":{"line":156,"column":15}},"55":{"start":{"line":159,"column":8},"end":{"line":159,"column":57}},"56":{"start":{"line":160,"column":8},"end":{"line":160,"column":67}},"57":{"start":{"line":168,"column":0},"end":{"line":231,"column":3}},"58":{"start":{"line":169,"column":4},"end":{"line":230,"column":5}},"59":{"start":{"line":170,"column":32},"end":{"line":170,"column":42}},"60":{"start":{"line":173,"column":8},"end":{"line":177,"column":9}},"61":{"start":{"line":174,"column":12},"end":{"line":176,"column":15}},"62":{"start":{"line":180,"column":8},"end":{"line":180,"column":55}},"63":{"start":{"line":183,"column":29},"end":{"line":185,"column":37}},"64":{"start":{"line":187,"column":24},"end":{"line":189,"column":9}},"65":{"start":{"line":192,"column":8},"end":{"line":192,"column":92}},"66":{"start":{"line":195,"column":27},"end":{"line":195,"column":73}},"67":{"start":{"line":195,"column":46},"end":{"line":195,"column":62}},"68":{"start":{"line":196,"column":8},"end":{"line":201,"column":11}},"69":{"start":{"line":204,"column":8},"end":{"line":214,"column":9}},"70":{"start":{"line":205,"column":12},"end":{"line":213,"column":15}},"71":{"start":{"line":216,"column":8},"end":{"line":216,"column":85}},"72":{"start":{"line":218,"column":8},"end":{"line":221,"column":11}},"73":{"start":{"line":224,"column":8},"end":{"line":226,"column":9}},"74":{"start":{"line":225,"column":12},"end":{"line":225,"column":78}},"75":{"start":{"line":228,"column":8},"end":{"line":228,"column":65}},"76":{"start":{"line":229,"column":8},"end":{"line":229,"column":75}},"77":{"start":{"line":237,"column":0},"end":{"line":259,"column":3}},"78":{"start":{"line":238,"column":4},"end":{"line":258,"column":5}},"79":{"start":{"line":239,"column":29},"end":{"line":239,"column":38}},"80":{"start":{"line":241,"column":8},"end":{"line":243,"column":9}},"81":{"start":{"line":242,"column":12},"end":{"line":242,"column":81}},"82":{"start":{"line":245,"column":24},"end":{"line":248,"column":9}},"83":{"start":{"line":250,"column":8},"end":{"line":254,"column":11}},"84":{"start":{"line":256,"column":8},"end":{"line":256,"column":51}},"85":{"start":{"line":257,"column":8},"end":{"line":257,"column":61}},"86":{"start":{"line":265,"column":0},"end":{"line":276,"column":3}},"87":{"start":{"line":266,"column":4},"end":{"line":275,"column":5}},"88":{"start":{"line":267,"column":22},"end":{"line":267,"column":63}},"89":{"start":{"line":268,"column":8},"end":{"line":271,"column":11}},"90":{"start":{"line":273,"column":8},"end":{"line":273,"column":63}},"91":{"start":{"line":274,"column":8},"end":{"line":274,"column":73}},"92":{"start":{"line":282,"column":0},"end":{"line":307,"column":3}},"93":{"start":{"line":283,"column":4},"end":{"line":306,"column":5}},"94":{"start":{"line":284,"column":32},"end":{"line":284,"column":81}},"95":{"start":{"line":286,"column":8},"end":{"line":302,"column":9}},"96":{"start":{"line":287,"column":25},"end":{"line":287,"column":65}},"97":{"start":{"line":288,"column":30},"end":{"line":288,"column":46}},"98":{"start":{"line":289,"column":12},"end":{"line":292,"column":15}},"99":{"start":{"line":294,"column":12},"end":{"line":301,"column":15}},"100":{"start":{"line":304,"column":8},"end":{"line":304,"column":62}},"101":{"start":{"line":305,"column":8},"end":{"line":305,"column":72}},"102":{"start":{"line":313,"column":0},"end":{"line":351,"column":3}},"103":{"start":{"line":314,"column":4},"end":{"line":350,"column":5}},"104":{"start":{"line":315,"column":28},"end":{"line":315,"column":36}},"105":{"start":{"line":317,"column":8},"end":{"line":319,"column":9}},"106":{"start":{"line":318,"column":12},"end":{"line":318,"column":78}},"107":{"start":{"line":321,"column":8},"end":{"line":325,"column":9}},"108":{"start":{"line":322,"column":12},"end":{"line":324,"column":15}},"109":{"start":{"line":327,"column":32},"end":{"line":327,"column":81}},"110":{"start":{"line":328,"column":26},"end":{"line":332,"column":9}},"111":{"start":{"line":335,"column":20},"end":{"line":335,"column":49}},"112":{"start":{"line":336,"column":8},"end":{"line":338,"column":9}},"113":{"start":{"line":337,"column":12},"end":{"line":337,"column":51}},"114":{"start":{"line":340,"column":8},"end":{"line":340,"column":86}},"115":{"start":{"line":342,"column":8},"end":{"line":346,"column":11}},"116":{"start":{"line":348,"column":8},"end":{"line":348,"column":65}},"117":{"start":{"line":349,"column":8},"end":{"line":349,"column":75}},"118":{"start":{"line":353,"column":0},"end":{"line":353,"column":24}}},"fnMap":{"0":{"name":"authMiddleware","decl":{"start":{"line":12,"column":9},"end":{"line":12,"column":23}},"loc":{"start":{"line":12,"column":40},"end":{"line":33,"column":1}},"line":12},"1":{"name":"(anonymous_1)","decl":{"start":{"line":39,"column":45},"end":{"line":39,"column":46}},"loc":{"start":{"line":39,"column":59},"end":{"line":58,"column":1}},"line":39},"2":{"name":"(anonymous_2)","decl":{"start":{"line":45,"column":45},"end":{"line":45,"column":46}},"loc":{"start":{"line":45,"column":54},"end":{"line":52,"column":13}},"line":45},"3":{"name":"(anonymous_3)","decl":{"start":{"line":64,"column":58},"end":{"line":64,"column":59}},"loc":{"start":{"line":64,"column":72},"end":{"line":93,"column":1}},"line":64},"4":{"name":"(anonymous_4)","decl":{"start":{"line":99,"column":66},"end":{"line":99,"column":67}},"loc":{"start":{"line":99,"column":86},"end":{"line":115,"column":1}},"line":99},"5":{"name":"(anonymous_5)","decl":{"start":{"line":121,"column":45},"end":{"line":121,"column":46}},"loc":{"start":{"line":121,"column":65},"end":{"line":162,"column":1}},"line":121},"6":{"name":"(anonymous_6)","decl":{"start":{"line":168,"column":68},"end":{"line":168,"column":69}},"loc":{"start":{"line":168,"column":88},"end":{"line":231,"column":1}},"line":168},"7":{"name":"(anonymous_7)","decl":{"start":{"line":195,"column":39},"end":{"line":195,"column":40}},"loc":{"start":{"line":195,"column":46},"end":{"line":195,"column":62}},"line":195},"8":{"name":"(anonymous_8)","decl":{"start":{"line":237,"column":38},"end":{"line":237,"column":39}},"loc":{"start":{"line":237,"column":58},"end":{"line":259,"column":1}},"line":237},"9":{"name":"(anonymous_9)","decl":{"start":{"line":265,"column":42},"end":{"line":265,"column":43}},"loc":{"start":{"line":265,"column":62},"end":{"line":276,"column":1}},"line":265},"10":{"name":"(anonymous_10)","decl":{"start":{"line":282,"column":42},"end":{"line":282,"column":43}},"loc":{"start":{"line":282,"column":56},"end":{"line":307,"column":1}},"line":282},"11":{"name":"(anonymous_11)","decl":{"start":{"line":313,"column":43},"end":{"line":313,"column":44}},"loc":{"start":{"line":313,"column":63},"end":{"line":351,"column":1}},"line":313}},"branchMap":{"0":{"loc":{"start":{"line":15,"column":4},"end":{"line":17,"column":5}},"type":"if","locations":[{"start":{"line":15,"column":4},"end":{"line":17,"column":5}},{"start":{},"end":{}}],"line":15},"1":{"loc":{"start":{"line":20,"column":30},"end":{"line":20,"column":60}},"type":"binary-expr","locations":[{"start":{"line":20,"column":30},"end":{"line":20,"column":54}},{"start":{"line":20,"column":58},"end":{"line":20,"column":60}}],"line":20},"2":{"loc":{"start":{"line":25,"column":26},"end":{"line":25,"column":63}},"type":"binary-expr","locations":[{"start":{"line":25,"column":26},"end":{"line":25,"column":52}},{"start":{"line":25,"column":56},"end":{"line":25,"column":63}}],"line":25},"3":{"loc":{"start":{"line":26,"column":26},"end":{"line":26,"column":76}},"type":"binary-expr","locations":[{"start":{"line":26,"column":26},"end":{"line":26,"column":52}},{"start":{"line":26,"column":56},"end":{"line":26,"column":76}}],"line":26},"4":{"loc":{"start":{"line":28,"column":4},"end":{"line":32,"column":5}},"type":"if","locations":[{"start":{"line":28,"column":4},"end":{"line":32,"column":5}},{"start":{"line":30,"column":11},"end":{"line":32,"column":5}}],"line":28},"5":{"loc":{"start":{"line":28,"column":8},"end":{"line":28,"column":64}},"type":"binary-expr","locations":[{"start":{"line":28,"column":8},"end":{"line":28,"column":34}},{"start":{"line":28,"column":38},"end":{"line":28,"column":64}}],"line":28},"6":{"loc":{"start":{"line":69,"column":8},"end":{"line":71,"column":9}},"type":"if","locations":[{"start":{"line":69,"column":8},"end":{"line":71,"column":9}},{"start":{},"end":{}}],"line":69},"7":{"loc":{"start":{"line":75,"column":30},"end":{"line":76,"column":74}},"type":"binary-expr","locations":[{"start":{"line":75,"column":30},"end":{"line":75,"column":72}},{"start":{"line":76,"column":28},"end":{"line":76,"column":74}}],"line":75},"8":{"loc":{"start":{"line":102,"column":22},"end":{"line":102,"column":53}},"type":"binary-expr","locations":[{"start":{"line":102,"column":22},"end":{"line":102,"column":47}},{"start":{"line":102,"column":51},"end":{"line":102,"column":53}}],"line":102},"9":{"loc":{"start":{"line":125,"column":8},"end":{"line":127,"column":9}},"type":"if","locations":[{"start":{"line":125,"column":8},"end":{"line":127,"column":9}},{"start":{},"end":{}}],"line":125},"10":{"loc":{"start":{"line":125,"column":12},"end":{"line":125,"column":36}},"type":"binary-expr","locations":[{"start":{"line":125,"column":12},"end":{"line":125,"column":24}},{"start":{"line":125,"column":28},"end":{"line":125,"column":36}}],"line":125},"11":{"loc":{"start":{"line":148,"column":8},"end":{"line":157,"column":9}},"type":"if","locations":[{"start":{"line":148,"column":8},"end":{"line":157,"column":9}},{"start":{},"end":{}}],"line":148},"12":{"loc":{"start":{"line":173,"column":8},"end":{"line":177,"column":9}},"type":"if","locations":[{"start":{"line":173,"column":8},"end":{"line":177,"column":9}},{"start":{},"end":{}}],"line":173},"13":{"loc":{"start":{"line":204,"column":8},"end":{"line":214,"colu
[...]
xpr","locations":[{"start":{"line":135,"column":20},"end":{"line":135,"column":35}},{"start":{"line":135,"column":39},"end":{"line":135,"column":40}}],"line":135},"23":{"loc":{"start":{"line":137,"column":25},"end":{"line":137,"column":60}},"type":"binary-expr","locations":[{"start":{"line":137,"column":25},"end":{"line":137,"column":44}},{"start":{"line":137,"column":48},"end":{"line":137,"column":60}}],"line":137},"24":{"loc":{"start":{"line":139,"column":29},"end":{"line":139,"column":51}},"type":"binary-expr","locations":[{"start":{"line":139,"column":29},"end":{"line":139,"column":42}},{"start":{"line":139,"column":46},"end":{"line":139,"column":51}}],"line":139},"25":{"loc":{"start":{"line":140,"column":32},"end":{"line":140,"column":57}},"type":"binary-expr","locations":[{"start":{"line":140,"column":32},"end":{"line":140,"column":48}},{"start":{"line":140,"column":52},"end":{"line":140,"column":57}}],"line":140},"26":{"loc":{"start":{"line":142,"column":4},"end":{"line":144,"column":5}},"type":"if","locations":[{"start":{"line":142,"column":4},"end":{"line":144,"column":5}},{"start":{},"end":{}}],"line":142},"27":{"loc":{"start":{"line":148,"column":4},"end":{"line":150,"column":5}},"type":"if","locations":[{"start":{"line":148,"column":4},"end":{"line":150,"column":5}},{"start":{},"end":{}}],"line":148},"28":{"loc":{"start":{"line":155,"column":4},"end":{"line":161,"column":5}},"type":"if","locations":[{"start":{"line":155,"column":4},"end":{"line":161,"column":5}},{"start":{},"end":{}}],"line":155},"29":{"loc":{"start":{"line":155,"column":8},"end":{"line":155,"column":69}},"type":"binary-expr","locations":[{"start":{"line":155,"column":8},"end":{"line":155,"column":31}},{"start":{"line":155,"column":35},"end":{"line":155,"column":69}}],"line":155},"30":{"loc":{"start":{"line":158,"column":8},"end":{"line":160,"column":9}},"type":"if","locations":[{"start":{"line":158,"column":8},"end":{"line":160,"column":9}},{"start":{},"end":{}}],"line":158},"31":{"loc":{"start":{"line":164,"column":4},"end":{"line":167,"column":5}},"type":"if","locations":[{"start":{"line":164,"column":4},"end":{"line":167,"column":5}},{"start":{},"end":{}}],"line":164},"32":{"loc":{"start":{"line":175,"column":37},"end":{"line":175,"column":45}},"type":"default-arg","locations":[{"start":{"line":175,"column":44},"end":{"line":175,"column":45}}],"line":175},"33":{"loc":{"start":{"line":175,"column":47},"end":{"line":175,"column":59}},"type":"default-arg","locations":[{"start":{"line":175,"column":57},"end":{"line":175,"column":59}}],"line":175},"34":{"loc":{"start":{"line":175,"column":61},"end":{"line":175,"column":73}},"type":"default-arg","locations":[{"start":{"line":175,"column":71},"end":{"line":175,"column":73}}],"line":175},"35":{"loc":{"start":{"line":184,"column":22},"end":{"line":184,"column":73}},"type":"binary-expr","locations":[{"start":{"line":184,"column":22},"end":{"line":184,"column":46}},{"start":{"line":184,"column":50},"end":{"line":184,"column":68}},{"start":{"line":184,"column":72},"end":{"line":184,"column":73}}],"line":184},"36":{"loc":{"start":{"line":185,"column":24},"end":{"line":185,"column":44}},"type":"binary-expr","locations":[{"start":{"line":185,"column":24},"end":{"line":185,"column":39}},{"start":{"line":185,"column":43},"end":{"line":185,"column":44}}],"line":185},"37":{"loc":{"start":{"line":187,"column":38},"end":{"line":187,"column":73}},"type":"binary-expr","locations":[{"start":{"line":187,"column":38},"end":{"line":187,"column":57}},{"start":{"line":187,"column":61},"end":{"line":187,"column":73}}],"line":187},"38":{"loc":{"start":{"line":190,"column":8},"end":{"line":192,"column":9}},"type":"if","locations":[{"start":{"line":190,"column":8},"end":{"line":192,"column":9}},{"start":{},"end":{}}],"line":190},"39":{"loc":{"start":{"line":194,"column":37},"end":{"line":194,"column":55}},"type":"binary-expr","locations":[{"start":{"line":194,"column":37},"end":{"line":194,"column":50}},{"start":{"line":194,"column":54},"end":{"line":194,"column":55}}],"line":194},"40":{"loc":{"start":{"line":201,"column":4},"end":{"line":201,"column":61}},"type":"if","locations":[{"start":{"line":201,"column":4},"end":{"line":201,"column":61}},{"start":{},"end":{}}],"line":201},"41":{"loc":{"start":{"line":202,"column":4},"end":{"line":202,"column":61}},"type":"if","locations":[{"start":{"line":202,"column":4},"end":{"line":202,"column":61}},{"start":{},"end":{}}],"line":202},"42":{"loc":{"start":{"line":203,"column":4},"end":{"line":203,"column":70}},"type":"if","locations":[{"start":{"line":203,"column":4},"end":{"line":203,"column":70}},{"start":{},"end":{}}],"line":203},"43":{"loc":{"start":{"line":204,"column":4},"end":{"line":204,"column":79}},"type":"if","locations":[{"start":{"line":204,"column":4},"end":{"line":204,"column":79}},{"start":{},"end":{}}],"line":204},"44":{"loc":{"start":{"line":206,"column":4},"end":{"line":208,"column":5}},"type":"if","locations":[{"start":{"line":206,"column":4},"end":{"line":208,"column":5}},{"start":{},"end":{}}],"line":206},"45":{"loc":{"start":{"line":210,"column":4},"end":{"line":212,"column":5}},"type":"if","locations":[{"start":{"line":210,"column":4},"end":{"line":212,"column":5}},{"start":{},"end":{}}],"line":210}},"s":{"0":0,"1":0,"2":0,"3":0,"4":0,"5":0,"6":0,"7":0,"8":0,"9":0,"10":0,"11":0,"12":0,"13":0,"14":0,"15":0,"16":0,"17":0,"18":0,"19":0,"20":0,"21":0,"22":0,"23":0,"24":0,"25":0,"26":0,"27":0,"28":0,"29":0,"30":0,"31":0,"32":0,"33":0,"34":0,"35":0,"36":0,"37":0,"38":0,"39":0,"40":0,"41":0,"42":0,"43":0,"44":0,"45":0,"46":0,"47":0,"48":0,"49":0,"50":0,"51":0,"52":0,"53":0,"54":0,"55":0,"56":0,"57":0,"58":0,"59":0,"60":0,"61":0,"62":0,"63":0,"64":0,"65":0,"66":0,"67":0,"68":0,"69":0,"70":0,"71":0,"72":0,"73":0,"74":0,"75":0,"76":0,"77":0,"78":0,"79":0,"80":0,"81":0,"82":0,"83":0,"84":0,"85":0,"86":0,"87":0,"88":0,"89":0,"90":0,"91":0,"92":0,"93":0,"94":0,"95":0,"96":0,"97":0,"98":0,"99":0,"100":0,"101":0},"f":{"0":0,"1":0,"2":0,"3":0,"4":0,"5":0,"6":0,"7":0},"b":{"0":[0,0],"1":[0,0],"2":[0,0],"3":[0,0],"4":[0,0],"5":[0,0],"6":[0,0],"7":[0,0],"8":[0,0],"9":[0],"10":[0,0],"11":[0,0],"12":[0,0],"13":[0,0],"14":[0,0],"15":[0,0],"16":[0,0],"17":[0,0],"18":[0,0],"19":[0,0,0],"20":[0,0],"21":[0,0],"22":[0,0],"23":[0,0],"24":[0,0],"25":[0,0],"26":[0,0],"27":[0,0],"28":[0,0],"29":[0,0],"30":[0,0],"31":[0,0],"32":[0],"33":[0],"34":[0],"35":[0,0,0],"36":[0,0],"37":[0,0],"38":[0,0],"39":[0,0],"40":[0,0],"41":[0,0],"42":[0,0],"43":[0,0],"44":[0,0],"45":[0,0]}}
,"C:\\Users\\USER\\Documents\\AUTwpp\\wpp\\src\\services\\whatsappService.js": {"path":"C:\\Users\\USER\\Documents\\AUTwpp\\wpp\\src\\services\\whatsappService.js","statementMap":{"0":{"start":{"line":1,"column":14},"end":{"line":1,"column":30}},"1":{"start":{"line":2,"column":28},"end":{"line":2,"column":60}},"2":{"start":{"line":4,"column":25},"end":{"line":4,"column":101}},"3":{"start":{"line":5,"column":23},"end":{"line":5,"column":49}},"4":{"start":{"line":6,"column":22},"end":{"line":6,"column":72}},"5":{"start":{"line":9,"column":20},"end":{"line":9,"column":21}},"6":{"start":{"line":10,"column":20},"end":{"line":10,"column":24}},"7":{"start":{"line":15,"column":21},"end":{"line":35,"column":1}},"8":{"start":{"line":16,"column":2},"end":{"line":34,"column":3}},"9":{"start":{"line":17,"column":4},"end":{"line":17,"column":29}},"10":{"start":{"line":20,"column":27},"end":{"line":24,"column":41}},"11":{"start":{"line":26,"column":4},"end":{"line":30,"column":5}},"12":{"start":{"line":27,"column":6},"end":{"line":27,"column":124}},"13":{"start":{"line":28,"column":6},"end":{"line":28,"column":69}},"14":{"start":{"line":28,"column":35},"end":{"line":28,"column":67}},"15":{"start":{"line":29,"column":6},"end":{"line":29,"column":50}},"16":{"start":{"line":33,"column":4},"end":{"line":33,"column":16}},"17":{"start":{"line":47,"column":24},"end":{"line":94,"column":1}},"18":{"start":{"line":48,"column":2},"end":{"line":93,"column":3}},"19":{"start":{"line":49,"column":21},"end":{"line":64,"column":6}},"20":{"start":{"line":49,"column":46},"end":{"line":64,"column":5}},"21":{"start":{"line":65,"column":4},"end":{"line":65,"column":53}},"22":{"start":{"line":68,"column":4},"end":{"line":86,"column":5}},"23":{"start":{"line":69,"column":25},"end":{"line":74,"column":7}},"24":{"start":{"line":76,"column":6},"end":{"line":76,"column":53}},"25":{"start":{"line":79,"column":17},"end":{"line":79,"column":26}},"26":{"start":{"line":80,"column":6},"end":{"line":85,"column":7}},"27":{"start":{"line":81,"column":8},"end":{"line":84,"column":11}},"28":{"start":{"line":88,"column":4},"end":{"line":88,"column":25}},"29":{"start":{"line":90,"column":4},"end":{"line":90,"column":86}},"30":{"start":{"line":91,"column":4},"end":{"line":91,"column":85}},"31":{"start":{"line":92,"column":4},"end":{"line":92,"column":16}},"32":{"start":{"line":106,"column":31},"end":{"line":166,"column":1}},"33":{"start":{"line":107,"column":2},"end":{"line":165,"column":3}},"34":{"start":{"line":108,"column":21},"end":{"line":135,"column":6}},"35":{"start":{"line":108,"column":46},"end":{"line":135,"column":5}},"36":{"start":{"line":118,"column":50},"end":{"line":124,"column":13}},"37":{"start":{"line":136,"column":4},"end":{"line":136,"column":38}},"38":{"start":{"line":139,"column":4},"end":{"line":158,"column":5}},"39":{"start":{"line":140,"column":25},"end":{"line":140,"column":71}},"40":{"start":{"line":140,"column":44},"end":{"line":140,"column":60}},"41":{"start":{"line":141,"column":25},"end":{"line":146,"column":7}},"42":{"start":{"line":148,"column":6},"end":{"line":148,"column":53}},"43":{"start":{"line":151,"column":17},"end":{"line":151,"column":26}},"44":{"start":{"line":152,"column":6},"end":{"line":157,"column":7}},"45":{"start":{"line":153,"column":8},"end":{"line":156,"column":11}},"46":{"start":{"line":160,"column":4},"end":{"line":160,"column":25}},"47":{"start":{"line":162,"column":4},"end":{"line":162,"column":86}},"48":{"start":{"line":163,"column":4},"end":{"line":163,"column":85}},"49":{"start":{"line":164,"column":4},"end":{"line":164,"column":16}},"50":{"start":{"line":177,"column":28},"end":{"line":231,"column":1}},"51":{"start":{"line":178,"column":2},"end":{"line":230,"column":3}},"52":{"start":{"line":179,"column":21},"end":{"line":201,"column":6}},"53":{"start":{"line":179,"column":46},"end":{"line":201,"column":5}},"54":{"start":{"line":202,"column":4},"end":{"line":202,"column":35}},"55":{"start":{"line":205,"column":4},"end":{"line":223,"column":5}},"56":{"start":{"line":206,"column":25},"end":{"line":211,"column":7}},"57":{"start":{"line":213,"column":6},"end":{"line":213,"column":53}},"58":{"start":{"line":216,"column":17},"end":{"line":216,"column":26}},"59":{"start":{"line":217,"column":6},"end":{"line":222,"column":7}},"60":{"start":{"line":218,"column":8},"end":{"line":221,"column":11}},"61":{"start":{"line":225,"column":4},"end":{"line":225,"column":25}},"62":{"start":{"line":227,"column":4},"end":{"line":227,"column":84}},"63":{"start":{"line":228,"column":4},"end":{"line":228,"column":85}},"64":{"start":{"line":229,"column":4},"end":{"line":229,"column":16}},"65":{"start":{"line":244,"column":27},"end":{"line":269,"column":1}},"66":{"start":{"line":245,"column":2},"end":{"line":268,"column":3}},"67":{"start":{"line":246,"column":21},"end":{"line":261,"column":6}},"68":{"start":{"line":246,"column":46},"end":{"line":261,"column":5}},"69":{"start":{"line":262,"column":4},"end":{"line":262,"column":72}},"70":{"start":{"line":263,"column":4},"end":{"line":263,"column":25}},"71":{"start":{"line":265,"column":4},"end":{"line":265,"column":90}},"72":{"start":{"line":266,"column":4},"end":{"line":266,"column":85}},"73":{"start":{"line":267,"column":4},"end":{"line":267,"column":16}},"74":{"start":{"line":282,"column":34},"end":{"line":319,"column":1}},"75":{"start":{"line":283,"column":2},"end":{"line":318,"column":3}},"76":{"start":{"line":284,"column":21},"end":{"line":311,"column":6}},"77":{"start":{"line":284,"column":46},"end":{"line":311,"column":5}},"78":{"start":{"line":294,"column":50},"end":{"line":300,"column":13}},"79":{"start":{"line":312,"column":4},"end":{"line":312,"column":57}},"80":{"start":{"line":313,"column":4},"end":{"line":313,"column":25}},"81":{"start":{"line":315,"column":4},"end":{"line":315,"column":90}},"82":{"start":{"line":316,"column":4},"end":{"line":316,"column":85}},"83":{"start":{"line":317,"column":4},"end":{"line":317,"column":16}},"84":{"start":{"line":321,"column":0},"end":{"line":327,"column":2}}},"fnMap":{"0":{"name":"(anonymous_0)","decl":{"start":{"line":15,"column":21},"end":{"line":15,"column":22}},"loc":{"start":{"line":15,"column":65},"end":{"line":35,"column":1}},"line":15},"1":{"name":"(anonymous_1)","decl":{"start":{"line":28,"column":24},"end":{"line":28,"column":25}},"loc":{"start":{"line":28,"column":35},"end":{"line":28,"column":67}},"line":28},"2":{"name":"(anonymous_2)","decl":{"start":{"line":47,"column":24},"end":{"line":47,"column":25}},"loc":{"start":{"line":47,"column":44},"end":{"line":94,"column":1}},"line":47},"3":{"name":"(anonymous_3)","decl":{"start":{"line":49,"column":40},"end":{"line":49,"column":41}},"loc":{"start":{"line":49,"column":46},"end":{"line":64,"column":5}},"line":49},"4":{"name":"(anonymous_4)","decl":{"start":{"line":106,"column":31},"end":{"line":106,"column":32}},"loc":{"start":{"line":106,"column":64},"end":{"line":166,"column":1}},"line":106},"5":{"name":"(anonymous_5)","decl":{"start":{"line":108,"column":40},"end":{"line":108,"column":41}},"loc":{"start":{"line":108,"column":46},"end":{"line":135,"column":5}},"line":108},"6":{"name":"(anonymous_6)","decl":{"start":{"line":118,"column":33},"end":{"line":118,"column":34}},"loc":{"start":{"line":118,"column":50},"end":{"line":124,"column":13}},"line":118},"7":{"name":"(anonymous_7)","decl":{"start":{"line":140,"column":37},"end":{"line":140,"column":38}},"loc":{"start":{"line":140,"column":44},"end":{"line":140,"column":60}},"line":140},"8":{"name":"(anonymous_8)","decl":{"start":{"line":177,"column":28},"end":{"line":177,"column":29}},"loc":{"start":{"line":177,"column":74},"end":{"line":231,"column":1}},"line":177},"9":{"name":"(anonymous_9)","decl":{"start":{"line":179,"column":40},"end":{"line":179,"column":41}},"loc":{"start":{"line":179,"column":46},"end":{"line":201,"column":5}},"line":179},"10":{"name":"(anonymous_10)","decl":{"start":{"line":244,"column":27},"end":{"line":244,"column":28}},"loc":{"start":{"line":244,"column":47},"end":{"line":269,"column":1}},"line":244},"11":{"name":"(anonymous_11)","decl":{"start":{"line":246,"column":40},"end":{"line":246,"column":41}},"loc":{"start":{"line":246,"column":46},"end":{"line":261,"column":5}},"line":246},"12":{"name":"(anonymous_12)","decl":{"start":{"line":282,"column":34},"end":{"line":282,"column":35}},"loc":{"start":{"line":282,"column":67},"end":{"line":319,"column":1}},"line":282},"13":{"name":"(anonymous_13)","decl":{"start":{"line":284,"column":40},"end":{"line":284,"column":41}},"loc":{"start":{"line":284,"column":46},"end":{"line":311,"column":5}},"line":284},"14":{"name":"(anonymous_14)","decl":{"start":{"line":294,"column":33},"end":{"line":294,"column":34}},"loc":{"start":{"line":294,"column":50},"end":{"line":300,"column":13}},"line":294}},"branchMap":{"0":{"loc":{"start":{"line":6,"column":22},"end":{"line":6,"column":72}},"type":"binary-expr","locations":[{"start":{"line":6,"column":22},"end":{"line":6,"column":54}},{"start":{"line":6,"column":58},"end":{"line":6,"column":72}}],"line":6},"1":{"loc":{"start":{"line":15,"column":39},"end":{"line":15,"column":60}},"type":"default-arg","locations":[{"start":{"line":15,"column":49},"end":{"line":15,"column":60}}],"line":15},"2":{"loc":{"start":{"line":20,"column":27},"end":{"line":24,"column":41}},"type":"binary-expr","locations":[{"start":{"line":20,"column":27},"end":{"line":20,"column":53}},{"start":{"line":21,"column":26},"end":{"line":21,"column":55}},{"start":{"line":22,"column":26},"end":{"line":22,"column":52}},{"start":{"line":23,"column":26},"end":{"line":23,"column":59}},{"start":{"line":24,"column":26},"end":{"line":24,"column":41}}],"line":20},"3":{"loc":{"start":{"line":26,"column":4},"end":{"line":30,"column":5}},"type":"if","locations":[{"start":{"line":26,"column":4},"end":{"line":30,"column":5}},{"start":{},"end":{}}],"line":26},"4":{"loc":{"start":{"line":26,"column":8},"end":{"line":26,"column":37}},"type":"binary-expr","locations":[{"start":{"line":26,"column":8},"end":{"line":26,"column":22}},{"start":{"line":26,"column":26},"end":{"line":26,"column":37}}],"line":26},"5":{"loc":{"start":{"line":68,"column":4},"end":{"line":86,"column":5}},"type":"if","locations":[{"start":{"line":68,"column":4},"end":{"line":86,"column":5}},{"start":{},"end":{}}],"line":68},"6":{"loc":{"start":{"line":80,"column":6},"end":{"line":85,"column":7}},"type":"if","locations":[{"start":{"line":80,"column":6},"end":{"line":85,"column":7}},{"start":{},"end":{}}],"line":80},"7":{"loc":{"start":{"line":90,"column":47},"end":{"line":90,"column":84}},"type":"binary-expr","locations":[{"start":{"line":90,"column":47},"end":{"line":90,"column":67}},{"start":{"line":90,"column":71},"end":{"line":90,"column":84}}],"line":90},"8":{"loc":{"start":{"line":139,"column":4},"end":{"line":158,"column":5}},"type":"if","locations":[{"start":{"line":139,"column":4},"end":{"line":158,"column":5}},{"start":{},"end":{}}],"line":139},"9":{"loc":{"start":{"line":152,"column":6},"end":{"line":157,"column":7}},"type":"if","locations":[{"start":{"line":152,"column":6},"end":{"line":157,"column":7}},{"start":{},"end":{}}],"line":152},"10":{"loc":{"start":{"line":162,"column":47},"end":{"line":162,"column":84}},"type":"binary-expr","locations":[{"start":{"line":162,"column":47},"end":{"line":162,"column":67}},{"start":{"line":162,"column":71},"end":{"line":162,"column":84}}],"line":162},"11":{"loc":{"start":{"line":205,"column":4},"end":{"line":223,"column":5}},"type":"if","locations":[{"start":{"line":205,"column":4},"end":{"line":223,"column":5}},{"start":{},"end":{}}],"line":205},"12":{"loc":{"start":{"line":217,"column":6},"end":{"line":222,"column":7}},"type":"if","locations":[{"start":{"line":217,"column":6},"end":{"line":222,"column":7}},{"start":{},"end":{}}],"line":217},"13":{"loc":{"start":{"line":227,"column":45},"end":{"line":227,"column":82}},"type":"binary-expr","locations":[{"start":{"line":227,"column":45},"end":{"line":227,"column":65}},{"start":{"line":227,"column":69},"end":{"line":227,"column":82}}],"line":227},"14":{"loc":{"start":{"line":265,"column":51},"end":{"line":265,"column":88}},"type":"binary-expr","locations":[{"start":{"line":265,"column":51},"end":{"line":265,"column":71}},{"start":{"line":265,"column":75},"end":{"line":265,"column":88}}],"line":265},"15":{"loc":{"start":{"line":315,"column":51},"end":{"line":315,"column":88}},"type":"binary-expr","locations":[{"start":{"line":315,"column":51},"end":{"line":315,"column":71}},{"start":{"line":315,"column":75},"end":{"line":315,"column":88}}],"line":315}},"s":{"0":0,"1":0,"2":0,"3":0,"4":0,"5":0,"6":0,"7":0,"8":0,"9":0,"10":0,"11":0,"12":0,"13":0,"14":0,"15":0,"16":0,"17":0,"18":0,"19":0,"20":0,"21":0,"22":0,"23":0,"24":0,"25":0,"26":0,"27":0,"28":0,"29":0,"30":0,"31":0,"32":0,"33":0,"34":0,"35":0,"36":0,"37":0,"38":0,"39":0,"40":0,"41":0,"42":0,"43":0,"44":0,"45":0,"46":0,"47":0,"48":0,"49":0,"50":0,"51":0,"52":0,"53":0,"54":0,"55":0,"56":0,"57":0,"58":0,"59":0,"60":0,"61":0,"62":0,"63":0,"64":0,"65":0,"66":0,"67":0,"68":0,"69":0,"70":0,"71":0,"72":0,"73":0,"74":0,"75":0,"76":0,"77":0,"78":0,"79":0,"80":0,"81":0,"82":0,"83":0,"84":0},"f":{"0":0,"1":0,"2":0,"3":0,"4":0,"5":0,"6":0,"7":0,"8":0,"9":0,"10":0,"11":0,"12":0,"13":0,"14":0},"b":{"0":[0,0],"1":[0],"2":[0,0,0,0,0],"3":[0,0],"4":[0,0],"5":[0,0],"6":[0,0],"7":[0,0],"8":[0,0],"9":[0,0],"10":[0,0],"11":[0,0],"12":[0,0],"13":[0,0],"14":[0,0],"15":[0,0]}}
}
