TN:
SF:src\controllers\webhookController.js
FN:11,(anonymous_0)
FN:30,(anonymous_1)
FN:55,(anonymous_2)
FNF:3
FNH:0
FNDA:0,(anonymous_0)
FNDA:0,(anonymous_1)
FNDA:0,(anonymous_2)
DA:1,0
DA:2,0
DA:4,0
DA:7,0
DA:8,0
DA:11,0
DA:12,0
DA:13,0
DA:15,0
DA:16,0
DA:17,0
DA:18,0
DA:22,0
DA:23,0
DA:30,0
DA:31,0
DA:32,0
DA:33,0
DA:35,0
DA:36,0
DA:38,0
DA:39,0
DA:40,0
DA:41,0
DA:43,0
DA:44,0
DA:47,0
DA:48,0
DA:55,0
DA:56,0
DA:57,0
DA:60,0
DA:61,0
DA:66,0
DA:67,0
DA:70,0
DA:71,0
DA:72,0
DA:73,0
DA:77,0
DA:79,0
DA:80,0
DA:81,0
DA:83,0
DA:86,0
DA:87,0
DA:90,0
DA:91,0
DA:92,0
DA:93,0
DA:94,0
DA:98,0
DA:99,0
DA:100,0
DA:102,0
DA:103,0
DA:104,0
DA:105,0
DA:109,0
DA:110,0
DA:111,0
DA:112,0
DA:116,0
DA:117,0
DA:118,0
DA:119,0
DA:124,0
DA:125,0
DA:126,0
DA:127,0
DA:128,0
DA:129,0
DA:133,0
DA:134,0
DA:138,0
DA:139,0
DA:140,0
DA:142,0
DA:143,0
DA:144,0
DA:145,0
DA:146,0
DA:150,0
DA:152,0
DA:155,0
DA:158,0
DA:159,0
DA:163,0
LF:88
LH:0
BRDA:4,0,0,0
BRDA:4,0,1,0
BRDA:16,1,0,0
BRDA:16,1,1,0
BRDA:22,2,0,0
BRDA:22,2,1,0
BRDA:38,3,0,0
BRDA:38,3,1,0
BRDA:38,4,0,0
BRDA:38,4,1,0
BRDA:39,5,0,0
BRDA:39,5,1,0
BRDA:39,6,0,0
BRDA:39,6,1,0
BRDA:60,7,0,0
BRDA:60,7,1,0
BRDA:61,8,0,0
BRDA:61,8,1,0
BRDA:61,9,0,0
BRDA:61,9,1,0
BRDA:61,9,2,0
BRDA:61,9,3,0
BRDA:70,10,0,0
BRDA:70,10,1,0
BRDA:80,11,0,0
BRDA:80,11,1,0
BRDA:86,12,0,0
BRDA:86,12,1,0
BRDA:91,13,0,0
BRDA:91,13,1,0
BRDA:91,14,0,0
BRDA:91,14,1,0
BRDA:91,14,2,0
BRDA:98,15,0,0
BRDA:98,15,1,0
BRDA:102,16,0,0
BRDA:102,16,1,0
BRDA:104,17,0,0
BRDA:104,17,1,0
BRDA:109,18,0,0
BRDA:109,18,1,0
BRDA:109,19,0,0
BRDA:109,19,1,0
BRDA:109,19,2,0
BRDA:116,20,0,0
BRDA:116,20,1,0
BRDA:116,21,0,0
BRDA:116,21,1,0
BRDA:126,22,0,0
BRDA:126,22,1,0
BRDA:126,23,0,0
BRDA:126,23,1,0
BRDA:138,24,0,0
BRDA:138,24,1,0
BRDA:140,25,0,0
BRDA:140,25,1,0
BRDA:143,26,0,0
BRDA:143,26,1,0
BRDA:145,27,0,0
BRDA:145,27,1,0
BRF:60
BRH:0
end_of_record
TN:
SF:src\public\app.js
FN:34,(anonymous_0)
FN:68,doLogout
FN:79,(anonymous_2)
FN:85,(anonymous_3)
FN:94,initTheme
FN:101,toggleTheme
FN:117,showLoginScreen
FN:122,showMainApp
FN:128,initializeApp
FN:134,(anonymous_9)
FN:141,playNotificationSound
FN:161,connectWebSocket
FN:164,(anonymous_12)
FN:170,(anonymous_13)
FN:176,(anonymous_14)
FN:210,(anonymous_15)
FN:217,(anonymous_16)
FN:226,(anonymous_17)
FN:237,loadConversations
FN:260,renderConversations
FN:266,(anonymous_20)
FN:287,(anonymous_21)
FN:294,loadConversation
FN:314,updateTextareaState
FN:330,showConversation
FN:338,(anonymous_25)
FN:349,addMessageToChat
FN:369,showNoConversation
FN:379,(anonymous_28)
FN:386,sendMessage
FN:437,(anonymous_30)
FN:470,(anonymous_31)
FN:498,(anonymous_32)
FN:502,(anonymous_33)
FN:539,(anonymous_34)
FN:546,(anonymous_35)
FN:555,(anonymous_36)
FN:556,(anonymous_37)
FN:564,loadStatistics
FN:582,formatTime
FN:589,formatDate
FN:606,formatPhoneNumber
FN:690,scrollToBottom
FN:695,(anonymous_43)
FN:703,(anonymous_44)
FN:711,(anonymous_45)
FNF:46
FNH:0
FNDA:0,(anonymous_0)
FNDA:0,doLogout
FNDA:0,(anonymous_2)
FNDA:0,(anonymous_3)
FNDA:0,initTheme
FNDA:0,toggleTheme
FNDA:0,showLoginScreen
FNDA:0,showMainApp
FNDA:0,initializeApp
FNDA:0,(anonymous_9)
FNDA:0,playNotificationSound
FNDA:0,connectWebSocket
FNDA:0,(anonymous_12)
FNDA:0,(anonymous_13)
FNDA:0,(anonymous_14)
FNDA:0,(anonymous_15)
FNDA:0,(anonymous_16)
FNDA:0,(anonymous_17)
FNDA:0,loadConversations
FNDA:0,renderConversations
FNDA:0,(anonymous_20)
FNDA:0,(anonymous_21)
FNDA:0,loadConversation
FNDA:0,updateTextareaState
FNDA:0,showConversation
FNDA:0,(anonymous_25)
FNDA:0,addMessageToChat
FNDA:0,showNoConversation
FNDA:0,(anonymous_28)
FNDA:0,sendMessage
FNDA:0,(anonymous_30)
FNDA:0,(anonymous_31)
FNDA:0,(anonymous_32)
FNDA:0,(anonymous_33)
FNDA:0,(anonymous_34)
FNDA:0,(anonymous_35)
FNDA:0,(anonymous_36)
FNDA:0,(anonymous_37)
FNDA:0,loadStatistics
FNDA:0,formatTime
FNDA:0,formatDate
FNDA:0,formatPhoneNumber
FNDA:0,scrollToBottom
FNDA:0,(anonymous_43)
FNDA:0,(anonymous_44)
FNDA:0,(anonymous_45)
DA:2,0
DA:3,0
DA:4,0
DA:5,0
DA:6,0
DA:9,0
DA:10,0
DA:11,0
DA:12,0
DA:13,0
DA:14,0
DA:15,0
DA:16,0
DA:17,0
DA:18,0
DA:19,0
DA:20,0
DA:21,0
DA:22,0
DA:23,0
DA:24,0
DA:25,0
DA:26,0
DA:27,0
DA:28,0
DA:29,0
DA:30,0
DA:31,0
DA:34,0
DA:35,0
DA:36,0
DA:37,0
DA:39,0
DA:40,0
DA:41,0
DA:47,0
DA:48,0
DA:49,0
DA:50,0
DA:51,0
DA:52,0
DA:55,0
DA:56,0
DA:59,0
DA:62,0
DA:63,0
DA:69,0
DA:70,0
DA:71,0
DA:72,0
DA:74,0
DA:75,0
DA:79,0
DA:80,0
DA:81,0
DA:85,0
DA:86,0
DA:87,0
DA:96,0
DA:97,0
DA:98,0
DA:102,0
DA:103,0
DA:105,0
DA:106,0
DA:107,0
DA:111,0
DA:114,0
DA:118,0
DA:119,0
DA:123,0
DA:124,0
DA:129,0
DA:130,0
DA:131,0
DA:134,0
DA:135,0
DA:136,0
DA:143,0
DA:144,0
DA:145,0
DA:147,0
DA:148,0
DA:150,0
DA:151,0
DA:153,0
DA:154,0
DA:156,0
DA:157,0
DA:162,0
DA:164,0
DA:165,0
DA:166,0
DA:167,0
DA:170,0
DA:171,0
DA:172,0
DA:173,0
DA:176,0
DA:177,0
DA:180,0
DA:183,0
DA:187,0
DA:189,0
DA:192,0
DA:193,0
DA:202,0
DA:203,0
DA:204,0
DA:207,0
DA:210,0
DA:211,0
DA:212,0
DA:213,0
DA:217,0
DA:218,0
DA:219,0
DA:220,0
DA:221,0
DA:222,0
DA:226,0
DA:227,0
DA:229,0
DA:230,0
DA:232,0
DA:238,0
DA:239,0
DA:245,0
DA:246,0
DA:249,0
DA:250,0
DA:251,0
DA:253,0
DA:255,0
DA:261,0
DA:262,0
DA:263,0
DA:266,0
DA:267,0
DA:268,0
DA:269,0
DA:270,0
DA:271,0
DA:273,0
DA:287,0
DA:288,0
DA:289,0
DA:290,0
DA:295,0
DA:296,0
DA:302,0
DA:303,0
DA:306,0
DA:307,0
DA:309,0
DA:317,0
DA:318,0
DA:319,0
DA:321,0
DA:322,0
DA:323,0
DA:325,0
DA:331,0
DA:332,0
DA:334,0
DA:335,0
DA:337,0
DA:338,0
DA:339,0
DA:343,0
DA:345,0
DA:350,0
DA:351,0
DA:353,0
DA:354,0
DA:355,0
DA:357,0
DA:358,0
DA:359,0
DA:361,0
DA:362,0
DA:363,0
DA:365,0
DA:370,0
DA:371,0
DA:375,0
DA:378,0
DA:379,0
DA:380,0
DA:381,0
DA:382,0
DA:387,0
DA:390,0
DA:391,0
DA:395,0
DA:396,0
DA:397,0
DA:400,0
DA:401,0
DA:403,0
DA:404,0
DA:416,0
DA:417,0
DA:424,0
DA:425,0
DA:427,0
DA:429,0
DA:430,0
DA:431,0
DA:432,0
DA:437,0
DA:438,0
DA:440,0
DA:441,0
DA:442,0
DA:450,0
DA:451,0
DA:452,0
DA:455,0
DA:458,0
DA:460,0
DA:462,0
DA:463,0
DA:470,0
DA:471,0
DA:472,0
DA:475,0
DA:476,0
DA:482,0
DA:483,0
DA:484,0
DA:485,0
DA:488,0
DA:490,0
DA:494,0
DA:498,0
DA:499,0
DA:502,0
DA:503,0
DA:505,0
DA:506,0
DA:507,0
DA:510,0
DA:511,0
DA:512,0
DA:515,0
DA:516,0
DA:525,0
DA:526,0
DA:527,0
DA:530,0
DA:531,0
DA:533,0
DA:534,0
DA:539,0
DA:540,0
DA:545,0
DA:546,0
DA:547,0
DA:548,0
DA:550,0
DA:551,0
DA:552,0
DA:555,0
DA:556,0
DA:557,0
DA:559,0
DA:565,0
DA:566,0
DA:572,0
DA:574,0
DA:575,0
DA:577,0
DA:583,0
DA:590,0
DA:607,0
DA:610,0
DA:614,0
DA:615,0
DA:616,0
DA:618,0
DA:622,0
DA:623,0
DA:624,0
DA:626,0
DA:630,0
DA:631,0
DA:632,0
DA:634,0
DA:638,0
DA:639,0
DA:640,0
DA:642,0
DA:646,0
DA:647,0
DA:648,0
DA:650,0
DA:654,0
DA:655,0
DA:656,0
DA:658,0
DA:662,0
DA:663,0
DA:664,0
DA:666,0
DA:670,0
DA:671,0
DA:672,0
DA:674,0
DA:679,0
DA:681,0
DA:682,0
DA:683,0
DA:687,0
DA:691,0
DA:695,0
DA:696,0
DA:697,0
DA:698,0
DA:699,0
DA:704,0
DA:705,0
DA:706,0
DA:708,0
DA:709,0
DA:712,0
DA:715,0
LF:327
LH:0
BRDA:47,0,0,0
BRDA:47,0,1,0
BRDA:55,1,0,0
BRDA:55,1,1,0
BRDA:55,2,0,0
BRDA:55,2,1,0
BRDA:71,3,0,0
BRDA:71,3,1,0
BRDA:86,4,0,0
BRDA:86,4,1,0
BRDA:86,5,0,0
BRDA:86,5,1,0
BRDA:96,6,0,0
BRDA:96,6,1,0
BRDA:103,7,0,0
BRDA:103,7,1,0
BRDA:143,8,0,0
BRDA:143,8,1,0
BRDA:183,9,0,0
BRDA:183,9,1,0
BRDA:183,9,2,0
BRDA:183,9,3,0
BRDA:187,10,0,0
BRDA:187,10,1,0
BRDA:192,11,0,0
BRDA:192,11,1,0
BRDA:192,12,0,0
BRDA:192,12,1,0
BRDA:202,13,0,0
BRDA:202,13,1,0
BRDA:212,14,0,0
BRDA:212,14,1,0
BRDA:220,15,0,0
BRDA:220,15,1,0
BRDA:229,16,0,0
BRDA:229,16,1,0
BRDA:229,17,0,0
BRDA:229,17,1,0
BRDA:245,18,0,0
BRDA:245,18,1,0
BRDA:250,19,0,0
BRDA:250,19,1,0
BRDA:261,20,0,0
BRDA:261,20,1,0
BRDA:267,21,0,0
BRDA:267,21,1,0
BRDA:268,22,0,0
BRDA:268,22,1,0
BRDA:269,23,0,0
BRDA:269,23,1,0
BRDA:270,24,0,0
BRDA:270,24,1,0
BRDA:276,25,0,0
BRDA:276,25,1,0
BRDA:276,26,0,0
BRDA:276,26,1,0
BRDA:302,27,0,0
BRDA:302,27,1,0
BRDA:321,28,0,0
BRDA:321,28,1,0
BRDA:355,29,0,0
BRDA:355,29,1,0
BRDA:355,29,2,0
BRDA:380,30,0,0
BRDA:380,30,1,0
BRDA:380,31,0,0
BRDA:380,31,1,0
BRDA:390,32,0,0
BRDA:390,32,1,0
BRDA:390,33,0,0
BRDA:390,33,1,0
BRDA:390,33,2,0
BRDA:416,34,0,0
BRDA:416,34,1,0
BRDA:438,35,0,0
BRDA:438,35,1,0
BRDA:440,36,0,0
BRDA:440,36,1,0
BRDA:450,37,0,0
BRDA:450,37,1,0
BRDA:452,38,0,0
BRDA:452,38,1,0
BRDA:463,39,0,0
BRDA:463,39,1,0
BRDA:482,40,0,0
BRDA:482,40,1,0
BRDA:484,41,0,0
BRDA:484,41,1,0
BRDA:489,42,0,0
BRDA:489,42,1,0
BRDA:491,43,0,0
BRDA:491,43,1,0
BRDA:505,44,0,0
BRDA:505,44,1,0
BRDA:510,45,0,0
BRDA:510,45,1,0
BRDA:525,46,0,0
BRDA:525,46,1,0
BRDA:527,47,0,0
BRDA:527,47,1,0
BRDA:550,48,0,0
BRDA:550,48,1,0
BRDA:572,49,0,0
BRDA:572,49,1,0
BRDA:607,50,0,0
BRDA:607,50,1,0
BRDA:614,51,0,0
BRDA:614,51,1,0
BRDA:614,52,0,0
BRDA:614,52,1,0
BRDA:622,53,0,0
BRDA:622,53,1,0
BRDA:622,54,0,0
BRDA:622,54,1,0
BRDA:630,55,0,0
BRDA:630,55,1,0
BRDA:630,56,0,0
BRDA:630,56,1,0
BRDA:638,57,0,0
BRDA:638,57,1,0
BRDA:638,58,0,0
BRDA:638,58,1,0
BRDA:638,58,2,0
BRDA:646,59,0,0
BRDA:646,59,1,0
BRDA:646,60,0,0
BRDA:646,60,1,0
BRDA:654,61,0,0
BRDA:654,61,1,0
BRDA:654,62,0,0
BRDA:654,62,1,0
BRDA:654,62,2,0
BRDA:662,63,0,0
BRDA:662,63,1,0
BRDA:662,64,0,0
BRDA:662,64,1,0
BRDA:670,65,0,0
BRDA:670,65,1,0
BRDA:670,66,0,0
BRDA:670,66,1,0
BRDA:679,67,0,0
BRDA:679,67,1,0
BRDA:697,68,0,0
BRDA:697,68,1,0
BRDA:704,69,0,0
BRDA:704,69,1,0
BRF:146
BRH:0
end_of_record
TN:
SF:src\routes\panel.js
FN:12,authMiddleware
FN:39,(anonymous_1)
FN:45,(anonymous_2)
FN:64,(anonymous_3)
FN:99,(anonymous_4)
FN:121,(anonymous_5)
FN:168,(anonymous_6)
FN:195,(anonymous_7)
FN:237,(anonymous_8)
FN:265,(anonymous_9)
FN:282,(anonymous_10)
FN:313,(anonymous_11)
FNF:12
FNH:0
FNDA:0,authMiddleware
FNDA:0,(anonymous_1)
FNDA:0,(anonymous_2)
FNDA:0,(anonymous_3)
FNDA:0,(anonymous_4)
FNDA:0,(anonymous_5)
FNDA:0,(anonymous_6)
FNDA:0,(anonymous_7)
FNDA:0,(anonymous_8)
FNDA:0,(anonymous_9)
FNDA:0,(anonymous_10)
FNDA:0,(anonymous_11)
DA:1,0
DA:2,0
DA:3,0
DA:4,0
DA:5,0
DA:6,0
DA:7,0
DA:13,0
DA:15,0
DA:16,0
DA:20,0
DA:21,0
DA:22,0
DA:25,0
DA:26,0
DA:28,0
DA:29,0
DA:31,0
DA:39,0
DA:40,0
DA:41,0
DA:42,0
DA:45,0
DA:55,0
DA:56,0
DA:64,0
DA:65,0
DA:66,0
DA:67,0
DA:69,0
DA:70,0
DA:74,0
DA:75,0
DA:78,0
DA:90,0
DA:91,0
DA:99,0
DA:100,0
DA:101,0
DA:102,0
DA:104,0
DA:106,0
DA:112,0
DA:113,0
DA:121,0
DA:122,0
DA:123,0
DA:125,0
DA:126,0
DA:130,0
DA:133,0
DA:140,0
DA:142,0
DA:148,0
DA:149,0
DA:159,0
DA:160,0
DA:168,0
DA:169,0
DA:170,0
DA:173,0
DA:174,0
DA:180,0
DA:183,0
DA:187,0
DA:192,0
DA:195,0
DA:196,0
DA:204,0
DA:205,0
DA:216,0
DA:218,0
DA:224,0
DA:225,0
DA:228,0
DA:229,0
DA:237,0
DA:238,0
DA:239,0
DA:241,0
DA:242,0
DA:245,0
DA:250,0
DA:256,0
DA:257,0
DA:265,0
DA:266,0
DA:267,0
DA:268,0
DA:273,0
DA:274,0
DA:282,0
DA:283,0
DA:284,0
DA:286,0
DA:287,0
DA:288,0
DA:289,0
DA:294,0
DA:304,0
DA:305,0
DA:313,0
DA:314,0
DA:315,0
DA:317,0
DA:318,0
DA:321,0
DA:322,0
DA:327,0
DA:328,0
DA:335,0
DA:336,0
DA:337,0
DA:340,0
DA:342,0
DA:348,0
DA:349,0
DA:353,0
LF:118
LH:0
BRDA:15,0,0,0
BRDA:15,0,1,0
BRDA:20,1,0,0
BRDA:20,1,1,0
BRDA:25,2,0,0
BRDA:25,2,1,0
BRDA:26,3,0,0
BRDA:26,3,1,0
BRDA:28,4,0,0
BRDA:28,4,1,0
BRDA:28,5,0,0
BRDA:28,5,1,0
BRDA:69,6,0,0
BRDA:69,6,1,0
BRDA:75,7,0,0
BRDA:75,7,1,0
BRDA:102,8,0,0
BRDA:102,8,1,0
BRDA:125,9,0,0
BRDA:125,9,1,0
BRDA:125,10,0,0
BRDA:125,10,1,0
BRDA:148,11,0,0
BRDA:148,11,1,0
BRDA:173,12,0,0
BRDA:173,12,1,0
BRDA:204,13,0,0
BRDA:204,13,1,0
BRDA:224,14,0,0
BRDA:224,14,1,0
BRDA:241,15,0,0
BRDA:241,15,1,0
BRDA:247,16,0,0
BRDA:247,16,1,0
BRDA:286,17,0,0
BRDA:286,17,1,0
BRDA:317,18,0,0
BRDA:317,18,1,0
BRDA:321,19,0,0
BRDA:321,19,1,0
BRDA:336,20,0,0
BRDA:336,20,1,0
BRF:42
BRH:0
end_of_record
TN:
SF:src\routes\whatsapp.js
FNF:0
FNH:0
DA:1,0
DA:2,0
DA:3,0
DA:6,0
DA:9,0
DA:11,0
LF:6
LH:0
BRF:0
BRH:0
end_of_record
TN:
SF:src\services\conversationService.js
FN:17,(anonymous_0)
FN:26,(anonymous_1)
FN:57,addMessage
FN:91,getActiveConversation
FN:98,getAllActiveConversations
FN:100,(anonymous_5)
FN:106,archiveConversation
FN:112,(anonymous_7)
FN:125,(anonymous_8)
FN:142,archiveOldestConversation
FN:144,(anonymous_10)
FN:156,getConversationHistory
FN:157,(anonymous_12)
FN:166,(anonymous_13)
FN:170,(anonymous_14)
FN:188,searchConversations
FN:189,(anonymous_16)
FN:198,(anonymous_17)
FN:202,(anonymous_18)
FN:219,cleanupOldConversations
FN:220,(anonymous_20)
FN:223,(anonymous_21)
FN:241,getStatistics
FN:242,(anonymous_23)
FN:250,(anonymous_24)
FN:268,(anonymous_25)
FN:280,(anonymous_26)
FN:292,(anonymous_27)
FN:295,(anonymous_28)
FN:299,(anonymous_29)
FN:300,(anonymous_30)
FNF:31
FNH:0
FNDA:0,(anonymous_0)
FNDA:0,(anonymous_1)
FNDA:0,addMessage
FNDA:0,getActiveConversation
FNDA:0,getAllActiveConversations
FNDA:0,(anonymous_5)
FNDA:0,archiveConversation
FNDA:0,(anonymous_7)
FNDA:0,(anonymous_8)
FNDA:0,archiveOldestConversation
FNDA:0,(anonymous_10)
FNDA:0,getConversationHistory
FNDA:0,(anonymous_12)
FNDA:0,(anonymous_13)
FNDA:0,(anonymous_14)
FNDA:0,searchConversations
FNDA:0,(anonymous_16)
FNDA:0,(anonymous_17)
FNDA:0,(anonymous_18)
FNDA:0,cleanupOldConversations
FNDA:0,(anonymous_20)
FNDA:0,(anonymous_21)
FNDA:0,getStatistics
FNDA:0,(anonymous_23)
FNDA:0,(anonymous_24)
FNDA:0,(anonymous_25)
FNDA:0,(anonymous_26)
FNDA:0,(anonymous_27)
FNDA:0,(anonymous_28)
FNDA:0,(anonymous_29)
FNDA:0,(anonymous_30)
DA:1,0
DA:2,0
DA:3,0
DA:6,0
DA:11,0
DA:12,0
DA:13,0
DA:17,0
DA:18,0
DA:19,0
DA:21,0
DA:26,0
DA:27,0
DA:41,0
DA:42,0
DA:43,0
DA:45,0
DA:49,0
DA:52,0
DA:58,0
DA:59,0
DA:68,0
DA:69,0
DA:73,0
DA:76,0
DA:77,0
DA:81,0
DA:82,0
DA:85,0
DA:92,0
DA:99,0
DA:100,0
DA:107,0
DA:108,0
DA:109,0
DA:112,0
DA:113,0
DA:115,0
DA:126,0
DA:127,0
DA:128,0
DA:130,0
DA:131,0
DA:132,0
DA:143,0
DA:144,0
DA:146,0
DA:147,0
DA:148,0
DA:149,0
DA:157,0
DA:158,0
DA:167,0
DA:168,0
DA:170,0
DA:178,0
DA:189,0
DA:190,0
DA:199,0
DA:200,0
DA:202,0
DA:209,0
DA:220,0
DA:221,0
DA:224,0
DA:225,0
DA:226,0
DA:228,0
DA:229,0
DA:231,0
DA:242,0
DA:243,0
DA:251,0
DA:252,0
DA:254,0
DA:268,0
DA:269,0
DA:270,0
DA:271,0
DA:272,0
DA:273,0
DA:275,0
DA:280,0
DA:281,0
DA:282,0
DA:283,0
DA:284,0
DA:285,0
DA:287,0
DA:292,0
DA:293,0
DA:295,0
DA:296,0
DA:299,0
DA:300,0
DA:301,0
DA:302,0
DA:304,0
DA:306,0
DA:311,0
LF:100
LH:0
BRDA:6,0,0,0
BRDA:6,0,1,0
BRDA:12,1,0,0
BRDA:12,1,1,0
BRDA:18,2,0,0
BRDA:18,2,1,0
BRDA:58,3,0,0
BRDA:58,3,1,0
BRDA:76,4,0,0
BRDA:76,4,1,0
BRDA:81,5,0,0
BRDA:81,5,1,0
BRDA:106,6,0,0
BRDA:108,7,0,0
BRDA:108,7,1,0
BRDA:126,8,0,0
BRDA:126,8,1,0
BRDA:146,9,0,0
BRDA:146,9,1,0
BRDA:156,10,0,0
BRDA:167,11,0,0
BRDA:167,11,1,0
BRDA:188,12,0,0
BRDA:199,13,0,0
BRDA:199,13,1,0
BRDA:224,14,0,0
BRDA:224,14,1,0
BRDA:228,15,0,0
BRDA:228,15,1,0
BRDA:251,16,0,0
BRDA:251,16,1,0
BRDA:301,17,0,0
BRDA:301,17,1,0
BRF:33
BRH:0
end_of_record
TN:
SF:src\services\ecommerceService.js
FN:8,(anonymous_0)
FN:34,(anonymous_1)
FN:48,(anonymous_2)
FN:66,(anonymous_3)
FNF:4
FNH:0
FNDA:0,(anonymous_0)
FNDA:0,(anonymous_1)
FNDA:0,(anonymous_2)
FNDA:0,(anonymous_3)
DA:1,0
DA:3,0
DA:8,0
DA:9,0
DA:10,0
DA:11,0
DA:12,0
DA:14,0
DA:17,0
DA:18,0
DA:34,0
DA:35,0
DA:36,0
DA:37,0
DA:38,0
DA:40,0
DA:41,0
DA:48,0
DA:49,0
DA:50,0
DA:52,0
DA:53,0
DA:56,0
DA:58,0
DA:59,0
DA:66,0
DA:67,0
DA:74,0
DA:75,0
DA:81,0
DA:82,0
DA:86,0
LF:32
LH:0
BRDA:3,0,0,0
BRDA:3,0,1,0
BRDA:53,1,0,0
BRDA:53,1,1,0
BRDA:53,1,2,0
BRDA:56,2,0,0
BRDA:56,2,1,0
BRF:7
BRH:0
end_of_record
TN:
SF:src\services\menuService.js
FN:37,(anonymous_0)
FN:54,(anonymous_1)
FN:79,(anonymous_2)
FN:107,(anonymous_3)
FN:131,(anonymous_4)
FN:140,(anonymous_5)
FN:155,(anonymous_6)
FN:190,(anonymous_7)
FN:212,(anonymous_8)
FN:289,(anonymous_9)
FN:302,(anonymous_10)
FN:320,(anonymous_11)
FN:351,(anonymous_12)
FN:357,(anonymous_13)
FN:366,(anonymous_14)
FN:379,(anonymous_15)
FN:407,(anonymous_16)
FN:433,(anonymous_17)
FN:464,(anonymous_18)
FN:1254,(anonymous_19)
FN:1331,(anonymous_20)
FN:1476,(anonymous_21)
FN:1495,(anonymous_22)
FN:1519,(anonymous_23)
FN:1554,(anonymous_24)
FN:1575,(anonymous_25)
FN:1598,(anonymous_26)
FN:1644,(anonymous_27)
FN:1668,(anonymous_28)
FN:1744,(anonymous_29)
FN:1817,(anonymous_30)
FN:1922,(anonymous_31)
FN:1949,(anonymous_32)
FN:1988,(anonymous_33)
FN:2016,(anonymous_34)
FN:2034,(anonymous_35)
FN:2051,(anonymous_36)
FN:2066,(anonymous_37)
FN:2072,(anonymous_38)
FN:2089,(anonymous_39)
FN:2110,(anonymous_40)
FN:2127,(anonymous_41)
FN:2147,(anonymous_42)
FN:2165,(anonymous_43)
FN:2230,(anonymous_44)
FN:2265,(anonymous_45)
FNF:46
FNH:0
FNDA:0,(anonymous_0)
FNDA:0,(anonymous_1)
FNDA:0,(anonymous_2)
FNDA:0,(anonymous_3)
FNDA:0,(anonymous_4)
FNDA:0,(anonymous_5)
FNDA:0,(anonymous_6)
FNDA:0,(anonymous_7)
FNDA:0,(anonymous_8)
FNDA:0,(anonymous_9)
FNDA:0,(anonymous_10)
FNDA:0,(anonymous_11)
FNDA:0,(anonymous_12)
FNDA:0,(anonymous_13)
FNDA:0,(anonymous_14)
FNDA:0,(anonymous_15)
FNDA:0,(anonymous_16)
FNDA:0,(anonymous_17)
FNDA:0,(anonymous_18)
FNDA:0,(anonymous_19)
FNDA:0,(anonymous_20)
FNDA:0,(anonymous_21)
FNDA:0,(anonymous_22)
FNDA:0,(anonymous_23)
FNDA:0,(anonymous_24)
FNDA:0,(anonymous_25)
FNDA:0,(anonymous_26)
FNDA:0,(anonymous_27)
FNDA:0,(anonymous_28)
FNDA:0,(anonymous_29)
FNDA:0,(anonymous_30)
FNDA:0,(anonymous_31)
FNDA:0,(anonymous_32)
FNDA:0,(anonymous_33)
FNDA:0,(anonymous_34)
FNDA:0,(anonymous_35)
FNDA:0,(anonymous_36)
FNDA:0,(anonymous_37)
FNDA:0,(anonymous_38)
FNDA:0,(anonymous_39)
FNDA:0,(anonymous_40)
FNDA:0,(anonymous_41)
FNDA:0,(anonymous_42)
FNDA:0,(anonymous_43)
FNDA:0,(anonymous_44)
FNDA:0,(anonymous_45)
DA:1,0
DA:2,0
DA:3,0
DA:12,0
DA:13,0
DA:14,0
DA:15,0
DA:18,0
DA:21,0
DA:23,0
DA:24,0
DA:25,0
DA:28,0
DA:29,0
DA:32,0
DA:37,0
DA:38,0
DA:39,0
DA:40,0
DA:41,0
DA:42,0
DA:45,0
DA:48,0
DA:54,0
DA:55,0
DA:56,0
DA:63,0
DA:64,0
DA:65,0
DA:68,0
DA:69,0
DA:71,0
DA:72,0
DA:79,0
DA:80,0
DA:81,0
DA:83,0
DA:85,0
DA:86,0
DA:87,0
DA:91,0
DA:92,0
DA:95,0
DA:99,0
DA:102,0
DA:107,0
DA:108,0
DA:109,0
DA:112,0
DA:113,0
DA:114,0
DA:117,0
DA:118,0
DA:120,0
DA:121,0
DA:122,0
DA:125,0
DA:131,0
DA:132,0
DA:133,0
DA:140,0
DA:141,0
DA:155,0
DA:157,0
DA:162,0
DA:163,0
DA:164,0
DA:165,0
DA:166,0
DA:169,0
DA:170,0
DA:174,0
DA:175,0
DA:179,0
DA:180,0
DA:183,0
DA:190,0
DA:191,0
DA:192,0
DA:195,0
DA:196,0
DA:197,0
DA:200,0
DA:201,0
DA:202,0
DA:203,0
DA:206,0
DA:212,0
DA:214,0
DA:215,0
DA:223,0
DA:227,0
DA:228,0
DA:229,0
DA:232,0
DA:233,0
DA:241,0
DA:249,0
DA:250,0
DA:251,0
DA:253,0
DA:257,0
DA:263,0
DA:267,0
DA:268,0
DA:271,0
DA:272,0
DA:277,0
DA:278,0
DA:279,0
DA:289,0
DA:290,0
DA:291,0
DA:292,0
DA:293,0
DA:295,0
DA:302,0
DA:303,0
DA:304,0
DA:305,0
DA:306,0
DA:307,0
DA:308,0
DA:309,0
DA:311,0
DA:320,0
DA:321,0
DA:324,0
DA:326,0
DA:328,0
DA:333,0
DA:336,0
DA:338,0
DA:339,0
DA:340,0
DA:344,0
DA:345,0
DA:351,0
DA:352,0
DA:355,0
DA:357,0
DA:358,0
DA:359,0
DA:365,0
DA:366,0
DA:367,0
DA:368,0
DA:369,0
DA:370,0
DA:371,0
DA:372,0
DA:375,0
DA:377,0
DA:379,0
DA:380,0
DA:381,0
DA:382,0
DA:384,0
DA:391,0
DA:396,0
DA:404,0
DA:405,0
DA:407,0
DA:408,0
DA:409,0
DA:410,0
DA:412,0
DA:413,0
DA:414,0
DA:417,0
DA:419,0
DA:422,0
DA:423,0
DA:425,0
DA:426,0
DA:433,0
DA:434,0
DA:437,0
DA:440,0
DA:444,0
DA:448,0
DA:453,0
DA:464,0
DA:466,0
DA:468,0
DA:469,0
DA:470,0
DA:474,0
DA:475,0
DA:476,0
DA:480,0
DA:483,0
DA:484,0
DA:485,0
DA:486,0
DA:489,0
DA:492,0
DA:493,0
DA:500,0
DA:501,0
DA:502,0
DA:507,0
DA:508,0
DA:512,0
DA:527,0
DA:528,0
DA:529,0
DA:530,0
DA:534,0
DA:536,0
DA:537,0
DA:539,0
DA:540,0
DA:544,0
DA:548,0
DA:549,0
DA:552,0
DA:553,0
DA:556,0
DA:557,0
DA:559,0
DA:564,0
DA:568,0
DA:569,0
DA:570,0
DA:573,0
DA:574,0
DA:576,0
DA:581,0
DA:585,0
DA:586,0
DA:604,0
DA:613,0
DA:617,0
DA:618,0
DA:619,0
DA:620,0
DA:623,0
DA:624,0
DA:626,0
DA:627,0
DA:639,0
DA:640,0
DA:652,0
DA:656,0
DA:658,0
DA:659,0
DA:660,0
DA:664,0
DA:665,0
DA:677,0
DA:678,0
DA:690,0
DA:695,0
DA:696,0
DA:697,0
DA:701,0
DA:702,0
DA:703,0
DA:709,0
DA:713,0
DA:714,0
DA:718,0
DA:720,0
DA:721,0
DA:729,0
DA:733,0
DA:734,0
DA:737,0
DA:739,0
DA:740,0
DA:751,0
DA:755,0
DA:756,0
DA:760,0
DA:761,0
DA:763,0
DA:764,0
DA:765,0
DA:766,0
DA:767,0
DA:768,0
DA:769,0
DA:771,0
DA:772,0
DA:780,0
DA:784,0
DA:785,0
DA:786,0
DA:790,0
DA:792,0
DA:796,0
DA:802,0
DA:803,0
DA:804,0
DA:805,0
DA:806,0
DA:810,0
DA:813,0
DA:814,0
DA:815,0
DA:816,0
DA:817,0
DA:827,0
DA:830,0
DA:831,0
DA:832,0
DA:833,0
DA:834,0
DA:839,0
DA:842,0
DA:843,0
DA:844,0
DA:845,0
DA:846,0
DA:855,0
DA:858,0
DA:859,0
DA:860,0
DA:861,0
DA:862,0
DA:863,0
DA:864,0
DA:865,0
DA:868,0
DA:869,0
DA:870,0
DA:871,0
DA:872,0
DA:880,0
DA:884,0
DA:885,0
DA:890,0
DA:891,0
DA:892,0
DA:894,0
DA:896,0
DA:897,0
DA:900,0
DA:901,0
DA:906,0
DA:908,0
DA:909,0
DA:910,0
DA:911,0
DA:912,0
DA:916,0
DA:919,0
DA:922,0
DA:923,0
DA:930,0
DA:933,0
DA:936,0
DA:940,0
DA:941,0
DA:943,0
DA:945,0
DA:952,0
DA:953,0
DA:957,0
DA:960,0
DA:961,0
DA:971,0
DA:973,0
DA:975,0
DA:977,0
DA:978,0
DA:982,0
DA:983,0
DA:987,0
DA:993,0
DA:994,0
DA:998,0
DA:999,0
DA:1003,0
DA:1004,0
DA:1009,0
DA:1010,0
DA:1017,0
DA:1018,0
DA:1021,0
DA:1022,0
DA:1023,0
DA:1031,0
DA:1037,0
DA:1038,0
DA:1043,0
DA:1044,0
DA:1045,0
DA:1048,0
DA:1049,0
DA:1052,0
DA:1053,0
DA:1057,0
DA:1058,0
DA:1059,0
DA:1061,0
DA:1067,0
DA:1071,0
DA:1072,0
DA:1073,0
DA:1074,0
DA:1076,0
DA:1078,0
DA:1079,0
DA:1083,0
DA:1086,0
DA:1087,0
DA:1091,0
DA:1093,0
DA:1097,0
DA:1098,0
DA:1099,0
DA:1100,0
DA:1101,0
DA:1102,0
DA:1104,0
DA:1105,0
DA:1109,0
DA:1112,0
DA:1113,0
DA:1117,0
DA:1119,0
DA:1123,0
DA:1124,0
DA:1125,0
DA:1126,0
DA:1127,0
DA:1128,0
DA:1130,0
DA:1131,0
DA:1135,0
DA:1138,0
DA:1139,0
DA:1143,0
DA:1145,0
DA:1149,0
DA:1150,0
DA:1152,0
DA:1153,0
DA:1154,0
DA:1155,0
DA:1156,0
DA:1157,0
DA:1159,0
DA:1160,0
DA:1164,0
DA:1167,0
DA:1168,0
DA:1172,0
DA:1174,0
DA:1178,0
DA:1179,0
DA:1180,0
DA:1181,0
DA:1183,0
DA:1184,0
DA:1185,0
DA:1187,0
DA:1188,0
DA:1189,0
DA:1190,0
DA:1192,0
DA:1193,0
DA:1197,0
DA:1200,0
DA:1201,0
DA:1205,0
DA:1207,0
DA:1212,0
DA:1213,0
DA:1216,0
DA:1217,0
DA:1222,0
DA:1223,0
DA:1228,0
DA:1229,0
DA:1232,0
DA:1235,0
DA:1237,0
DA:1238,0
DA:1239,0
DA:1241,0
DA:1247,0
DA:1254,0
DA:1255,0
DA:1266,0
DA:1319,0
DA:1324,0
DA:1331,0
DA:1333,0
DA:1334,0
DA:1335,0
DA:1337,0
DA:1338,0
DA:1346,0
DA:1350,0
DA:1351,0
DA:1352,0
DA:1356,0
DA:1358,0
DA:1362,0
DA:1368,0
DA:1369,0
DA:1370,0
DA:1371,0
DA:1376,0
DA:1380,0
DA:1381,0
DA:1382,0
DA:1383,0
DA:1394,0
DA:1398,0
DA:1399,0
DA:1400,0
DA:1401,0
DA:1407,0
DA:1411,0
DA:1412,0
DA:1413,0
DA:1414,0
DA:1424,0
DA:1428,0
DA:1429,0
DA:1430,0
DA:1432,0
DA:1435,0
DA:1438,0
DA:1439,0
DA:1443,0
DA:1444,0
DA:1446,0
DA:1447,0
DA:1455,0
DA:1459,0
DA:1462,0
DA:1465,0
DA:1469,0
DA:1476,0
DA:1477,0
DA:1478,0
DA:1480,0
DA:1481,0
DA:1483,0
DA:1484,0
DA:1485,0
DA:1486,0
DA:1490,0
DA:1493,0
DA:1495,0
DA:1496,0
DA:1497,0
DA:1498,0
DA:1501,0
DA:1502,0
DA:1504,0
DA:1508,0
DA:1510,0
DA:1511,0
DA:1512,0
DA:1519,0
DA:1521,0
DA:1523,0
DA:1524,0
DA:1528,0
DA:1529,0
DA:1532,0
DA:1534,0
DA:1535,0
DA:1539,0
DA:1540,0
DA:1544,0
DA:1545,0
DA:1546,0
DA:1548,0
DA:1554,0
DA:1555,0
DA:1556,0
DA:1558,0
DA:1559,0
DA:1561,0
DA:1562,0
DA:1563,0
DA:1564,0
DA:1568,0
DA:1572,0
DA:1573,0
DA:1575,0
DA:1576,0
DA:1577,0
DA:1580,0
DA:1581,0
DA:1583,0
DA:1587,0
DA:1589,0
DA:1590,0
DA:1591,0
DA:1598,0
DA:1600,0
DA:1602,0
DA:1603,0
DA:1607,0
DA:1608,0
DA:1611,0
DA:1613,0
DA:1614,0
DA:1618,0
DA:1619,0
DA:1623,0
DA:1624,0
DA:1625,0
DA:1628,0
DA:1630,0
DA:1632,0
DA:1634,0
DA:1637,0
DA:1644,0
DA:1645,0
DA:1646,0
DA:1648,0
DA:1649,0
DA:1651,0
DA:1652,0
DA:1653,0
DA:1654,0
DA:1655,0
DA:1659,0
DA:1663,0
DA:1664,0
DA:1666,0
DA:1668,0
DA:1670,0
DA:1671,0
DA:1678,0
DA:1679,0
DA:1682,0
DA:1683,0
DA:1687,0
DA:1688,0
DA:1689,0
DA:1692,0
DA:1695,0
DA:1696,0
DA:1700,0
DA:1703,0
DA:1704,0
DA:1706,0
DA:1708,0
DA:1709,0
DA:1710,0
DA:1712,0
DA:1713,0
DA:1716,0
DA:1717,0
DA:1721,0
DA:1724,0
DA:1725,0
DA:1730,0
DA:1734,0
DA:1735,0
DA:1736,0
DA:1737,0
DA:1744,0
DA:1745,0
DA:1747,0
DA:1748,0
DA:1749,0
DA:1750,0
DA:1753,0
DA:1755,0
DA:1756,0
DA:1761,0
DA:1765,0
DA:1766,0
DA:1772,0
DA:1775,0
DA:1776,0
DA:1780,0
DA:1781,0
DA:1785,0
DA:1788,0
DA:1789,0
DA:1790,0
DA:1794,0
DA:1795,0
DA:1799,0
DA:1800,0
DA:1801,0
DA:1804,0
DA:1806,0
DA:1811,0
DA:1817,0
DA:1818,0
DA:1821,0
DA:1822,0
DA:1830,0
DA:1835,0
DA:1836,0
DA:1839,0
DA:1841,0
DA:1844,0
DA:1846,0
DA:1847,0
DA:1854,0
DA:1859,0
DA:1860,0
DA:1861,0
DA:1865,0
DA:1866,0
DA:1869,0
DA:1870,0
DA:1871,0
DA:1873,0
DA:1877,0
DA:1878,0
DA:1879,0
DA:1883,0
DA:1884,0
DA:1886,0
DA:1893,0
DA:1897,0
DA:1898,0
DA:1901,0
DA:1902,0
DA:1909,0
DA:1914,0
DA:1915,0
DA:1922,0
DA:1923,0
DA:1925,0
DA:1926,0
DA:1933,0
DA:1937,0
DA:1938,0
DA:1941,0
DA:1942,0
DA:1943,0
DA:1944,0
DA:1945,0
DA:1949,0
DA:1951,0
DA:1952,0
DA:1959,0
DA:1963,0
DA:1964,0
DA:1968,0
DA:1969,0
DA:1971,0
DA:1975,0
DA:1976,0
DA:1988,0
DA:1989,0
DA:1990,0
DA:1996,0
DA:1998,0
DA:2010,0
DA:2016,0
DA:2017,0
DA:2019,0
DA:2020,0
DA:2024,0
DA:2025,0
DA:2028,0
DA:2031,0
DA:2032,0
DA:2034,0
DA:2035,0
DA:2038,0
DA:2040,0
DA:2044,0
DA:2045,0
DA:2051,0
DA:2052,0
DA:2054,0
DA:2055,0
DA:2059,0
DA:2060,0
DA:2063,0
DA:2064,0
DA:2066,0
DA:2069,0
DA:2070,0
DA:2072,0
DA:2073,0
DA:2076,0
DA:2078,0
DA:2082,0
DA:2083,0
DA:2089,0
DA:2090,0
DA:2091,0
DA:2093,0
DA:2095,0
DA:2096,0
DA:2100,0
DA:2101,0
DA:2104,0
DA:2107,0
DA:2108,0
DA:2110,0
DA:2111,0
DA:2114,0
DA:2116,0
DA:2120,0
DA:2121,0
DA:2127,0
DA:2128,0
DA:2129,0
DA:2131,0
DA:2133,0
DA:2135,0
DA:2136,0
DA:2137,0
DA:2140,0
DA:2141,0
DA:2144,0
DA:2145,0
DA:2147,0
DA:2148,0
DA:2151,0
DA:2152,0
DA:2154,0
DA:2158,0
DA:2159,0
DA:2165,0
DA:2166,0
DA:2168,0
DA:2174,0
DA:2176,0
DA:2177,0
DA:2182,0
DA:2185,0
DA:2186,0
DA:2189,0
DA:2190,0
DA:2197,0
DA:2202,0
DA:2203,0
DA:2207,0
DA:2208,0
DA:2209,0
DA:2211,0
DA:2212,0
DA:2215,0
DA:2220,0
DA:2224,0
DA:2230,0
DA:2231,0
DA:2233,0
DA:2234,0
DA:2235,0
DA:2236,0
DA:2239,0
DA:2241,0
DA:2242,0
DA:2243,0
DA:2246,0
DA:2247,0
DA:2249,0
DA:2254,0
DA:2257,0
DA:2265,0
LF:862
LH:0
BRDA:23,0,0,0
BRDA:23,0,1,0
BRDA:25,1,0,0
BRDA:25,1,1,0
BRDA:39,2,0,0
BRDA:39,2,1,0
BRDA:54,3,0,0
BRDA:64,4,0,0
BRDA:64,4,1,0
BRDA:85,5,0,0
BRDA:85,5,1,0
BRDA:85,6,0,0
BRDA:85,6,1,0
BRDA:91,7,0,0
BRDA:91,7,1,0
BRDA:108,8,0,0
BRDA:108,8,1,0
BRDA:113,9,0,0
BRDA:113,9,1,0
BRDA:120,10,0,0
BRDA:120,10,1,0
BRDA:132,11,0,0
BRDA:132,11,1,0
BRDA:169,12,0,0
BRDA:169,12,1,0
BRDA:174,13,0,0
BRDA:174,13,1,0
BRDA:174,14,0,0
BRDA:174,14,1,0
BRDA:175,15,0,0
BRDA:175,15,1,0
BRDA:179,16,0,0
BRDA:179,16,1,0
BRDA:180,17,0,0
BRDA:180,17,1,0
BRDA:191,18,0,0
BRDA:191,18,1,0
BRDA:200,19,0,0
BRDA:200,19,1,0
BRDA:212,20,0,0
BRDA:214,21,0,0
BRDA:214,21,1,0
BRDA:271,22,0,0
BRDA:271,22,1,0
BRDA:278,23,0,0
BRDA:278,23,1,0
BRDA:290,24,0,0
BRDA:290,24,1,0
BRDA:303,25,0,0
BRDA:303,25,1,0
BRDA:326,26,0,0
BRDA:326,26,1,0
BRDA:336,27,0,0
BRDA:336,27,1,0
BRDA:355,28,0,0
BRDA:355,28,1,0
BRDA:368,29,0,0
BRDA:368,29,1,0
BRDA:369,30,0,0
BRDA:369,30,1,0
BRDA:377,31,0,0
BRDA:377,31,1,0
BRDA:381,32,0,0
BRDA:381,32,1,0
BRDA:382,33,0,0
BRDA:382,33,1,0
BRDA:409,34,0,0
BRDA:409,34,1,0
BRDA:410,35,0,0
BRDA:410,35,1,0
BRDA:422,36,0,0
BRDA:422,36,1,0
BRDA:468,37,0,0
BRDA:468,37,1,0
BRDA:468,38,0,0
BRDA:468,38,1,0
BRDA:474,39,0,0
BRDA:474,39,1,0
BRDA:474,40,0,0
BRDA:474,40,1,0
BRDA:484,41,0,0
BRDA:484,41,1,0
BRDA:492,42,0,0
BRDA:492,42,1,0
BRDA:501,43,0,0
BRDA:501,43,1,0
BRDA:502,44,0,0
BRDA:502,44,1,0
BRDA:508,45,0,0
BRDA:508,45,1,0
BRDA:508,45,2,0
BRDA:527,46,0,0
BRDA:527,46,1,0
BRDA:527,47,0,0
BRDA:527,47,1,0
BRDA:534,48,0,0
BRDA:534,48,1,0
BRDA:534,49,0,0
BRDA:534,49,1,0
BRDA:539,50,0,0
BRDA:539,50,1,0
BRDA:539,51,0,0
BRDA:539,51,1,0
BRDA:539,51,2,0
BRDA:556,52,0,0
BRDA:556,52,1,0
BRDA:568,53,0,0
BRDA:568,53,1,0
BRDA:568,54,0,0
BRDA:568,54,1,0
BRDA:573,55,0,0
BRDA:573,55,1,0
BRDA:585,56,0,0
BRDA:585,56,1,0
BRDA:585,57,0,0
BRDA:585,57,1,0
BRDA:617,58,0,0
BRDA:617,58,1,0
BRDA:617,59,0,0
BRDA:617,59,1,0
BRDA:623,60,0,0
BRDA:623,60,1,0
BRDA:623,61,0,0
BRDA:623,61,1,0
BRDA:626,62,0,0
BRDA:626,62,1,0
BRDA:656,63,0,0
BRDA:656,63,1,0
BRDA:658,64,0,0
BRDA:658,64,1,0
BRDA:664,65,0,0
BRDA:664,65,1,0
BRDA:695,66,0,0
BRDA:695,66,1,0
BRDA:701,67,0,0
BRDA:701,67,1,0
BRDA:718,68,0,0
BRDA:718,68,1,0
BRDA:737,69,0,0
BRDA:737,69,1,0
BRDA:760,70,0,0
BRDA:760,70,1,0
BRDA:763,71,0,0
BRDA:763,71,1,0
BRDA:766,72,0,0
BRDA:766,72,1,0
BRDA:769,73,0,0
BRDA:769,73,1,0
BRDA:771,74,0,0
BRDA:771,74,1,0
BRDA:804,75,0,0
BRDA:804,75,1,0
BRDA:815,76,0,0
BRDA:815,76,1,0
BRDA:832,77,0,0
BRDA:832,77,1,0
BRDA:844,78,0,0
BRDA:844,78,1,0
BRDA:860,79,0,0
BRDA:860,79,1,0
BRDA:870,80,0,0
BRDA:870,80,1,0
BRDA:890,81,0,0
BRDA:890,81,1,0
BRDA:894,82,0,0
BRDA:894,82,1,0
BRDA:906,83,0,0
BRDA:906,83,1,0
BRDA:908,84,0,0
BRDA:908,84,1,0
BRDA:908,85,0,0
BRDA:908,85,1,0
BRDA:908,85,2,0
BRDA:922,86,0,0
BRDA:922,86,1,0
BRDA:940,87,0,0
BRDA:940,87,1,0
BRDA:960,88,0,0
BRDA:960,88,1,0
BRDA:975,89,0,0
BRDA:975,89,1,0
BRDA:975,89,2,0
BRDA:975,89,3,0
BRDA:975,89,4,0
BRDA:975,89,5,0
BRDA:975,89,6,0
BRDA:975,89,7,0
BRDA:975,89,8,0
BRDA:975,89,9,0
BRDA:975,89,10,0
BRDA:975,89,11,0
BRDA:975,89,12,0
BRDA:975,89,13,0
BRDA:975,89,14,0
BRDA:975,89,15,0
BRDA:975,89,16,0
BRDA:975,89,17,0
BRDA:1009,90,0,0
BRDA:1009,90,1,0
BRDA:1022,91,0,0
BRDA:1022,91,1,0
BRDA:1058,92,0,0
BRDA:1058,92,1,0
BRDA:1058,93,0,0
BRDA:1058,93,1,0
BRDA:1072,94,0,0
BRDA:1072,94,1,0
BRDA:1072,95,0,0
BRDA:1072,95,1,0
BRDA:1072,95,2,0
BRDA:1074,96,0,0
BRDA:1074,96,1,0
BRDA:1098,97,0,0
BRDA:1098,97,1,0
BRDA:1098,98,0,0
BRDA:1098,98,1,0
BRDA:1098,98,2,0
BRDA:1100,99,0,0
BRDA:1100,99,1,0
BRDA:1124,100,0,0
BRDA:1124,100,1,0
BRDA:1124,101,0,0
BRDA:1124,101,1,0
BRDA:1124,101,2,0
BRDA:1126,102,0,0
BRDA:1126,102,1,0
BRDA:1150,103,0,0
BRDA:1150,103,1,0
BRDA:1153,104,0,0
BRDA:1153,104,1,0
BRDA:1153,105,0,0
BRDA:1153,105,1,0
BRDA:1153,105,2,0
BRDA:1155,106,0,0
BRDA:1155,106,1,0
BRDA:1179,107,0,0
BRDA:1179,107,1,0
BRDA:1179,108,0,0
BRDA:1179,108,1,0
BRDA:1181,109,0,0
BRDA:1181,109,1,0
BRDA:1181,110,0,0
BRDA:1181,110,1,0
BRDA:1183,111,0,0
BRDA:1183,111,1,0
BRDA:1184,112,0,0
BRDA:1184,112,1,0
BRDA:1187,113,0,0
BRDA:1187,113,1,0
BRDA:1333,114,0,0
BRDA:1333,114,1,0
BRDA:1333,115,0,0
BRDA:1333,115,1,0
BRDA:1333,115,2,0
BRDA:1335,116,0,0
BRDA:1335,116,1,0
BRDA:1335,117,0,0
BRDA:1335,117,1,0
BRDA:1335,117,2,0
BRDA:1337,118,0,0
BRDA:1337,118,1,0
BRDA:1369,119,0,0
BRDA:1369,119,1,0
BRDA:1381,120,0,0
BRDA:1381,120,1,0
BRDA:1381,121,0,0
BRDA:1381,121,1,0
BRDA:1381,121,2,0
BRDA:1399,122,0,0
BRDA:1399,122,1,0
BRDA:1399,123,0,0
BRDA:1399,123,1,0
BRDA:1399,123,2,0
BRDA:1412,124,0,0
BRDA:1412,124,1,0
BRDA:1412,125,0,0
BRDA:1412,125,1,0
BRDA:1412,125,2,0
BRDA:1412,125,3,0
BRDA:1412,125,4,0
BRDA:1429,126,0,0
BRDA:1429,126,1,0
BRDA:1429,127,0,0
BRDA:1429,127,1,0
BRDA:1429,127,2,0
BRDA:1444,128,0,0
BRDA:1444,128,1,0
BRDA:1444,129,0,0
BRDA:1444,129,1,0
BRDA:1444,129,2,0
BRDA:1483,130,0,0
BRDA:1483,130,1,0
BRDA:1483,131,0,0
BRDA:1483,131,1,0
BRDA:1497,132,0,0
BRDA:1497,132,1,0
BRDA:1523,133,0,0
BRDA:1523,133,1,0
BRDA:1523,134,0,0
BRDA:1523,134,1,0
BRDA:1532,135,0,0
BRDA:1532,135,1,0
BRDA:1534,136,0,0
BRDA:1534,136,1,0
BRDA:1554,137,0,0
BRDA:1561,138,0,0
BRDA:1561,138,1,0
BRDA:1561,139,0,0
BRDA:1561,139,1,0
BRDA:1572,140,0,0
BRDA:1572,140,1,0
BRDA:1572,140,2,0
BRDA:1602,141,0,0
BRDA:1602,141,1,0
BRDA:1602,142,0,0
BRDA:1602,142,1,0
BRDA:1611,143,0,0
BRDA:1611,143,1,0
BRDA:1613,144,0,0
BRDA:1613,144,1,0
BRDA:1632,145,0,0
BRDA:1632,145,1,0
BRDA:1632,146,0,0
BRDA:1632,146,1,0
BRDA:1651,147,0,0
BRDA:1651,147,1,0
BRDA:1651,148,0,0
BRDA:1651,148,1,0
BRDA:1670,149,0,0
BRDA:1670,149,1,0
BRDA:1670,149,2,0
BRDA:1670,149,3,0
BRDA:1682,150,0,0
BRDA:1682,150,1,0
BRDA:1682,151,0,0
BRDA:1682,151,1,0
BRDA:1683,152,0,0
BRDA:1683,152,1,0
BRDA:1687,153,0,0
BRDA:1687,153,1,0
BRDA:1687,154,0,0
BRDA:1687,154,1,0
BRDA:1688,155,0,0
BRDA:1688,155,1,0
BRDA:1695,156,0,0
BRDA:1695,156,1,0
BRDA:1706,157,0,0
BRDA:1706,157,1,0
BRDA:1706,158,0,0
BRDA:1706,158,1,0
BRDA:1710,159,0,0
BRDA:1710,159,1,0
BRDA:1747,160,0,0
BRDA:1747,160,1,0
BRDA:1747,161,0,0
BRDA:1747,161,1,0
BRDA:1755,162,0,0
BRDA:1755,162,1,0
BRDA:1765,163,0,0
BRDA:1765,163,1,0
BRDA:1765,163,2,0
BRDA:1765,163,3,0
BRDA:1772,164,0,0
BRDA:1772,164,1,0
BRDA:1775,165,0,0
BRDA:1775,165,1,0
BRDA:1775,166,0,0
BRDA:1775,166,1,0
BRDA:1776,167,0,0
BRDA:1776,167,1,0
BRDA:1780,168,0,0
BRDA:1780,168,1,0
BRDA:1788,169,0,0
BRDA:1788,169,1,0
BRDA:1788,170,0,0
BRDA:1788,170,1,0
BRDA:1789,171,0,0
BRDA:1789,171,1,0
BRDA:1794,172,0,0
BRDA:1794,172,1,0
BRDA:1794,173,0,0
BRDA:1794,173,1,0
BRDA:1799,174,0,0
BRDA:1799,174,1,0
BRDA:1821,175,0,0
BRDA:1821,175,1,0
BRDA:1846,176,0,0
BRDA:1846,176,1,0
BRDA:1846,177,0,0
BRDA:1846,177,1,0
BRDA:1869,178,0,0
BRDA:1869,178,1,0
BRDA:1925,179,0,0
BRDA:1925,179,1,0
BRDA:1942,180,0,0
BRDA:1942,180,1,0
BRDA:1942,181,0,0
BRDA:1942,181,1,0
BRDA:1951,182,0,0
BRDA:1951,182,1,0
BRDA:2019,183,0,0
BRDA:2019,183,1,0
BRDA:2019,184,0,0
BRDA:2019,184,1,0
BRDA:2019,184,2,0
BRDA:2054,185,0,0
BRDA:2054,185,1,0
BRDA:2054,186,0,0
BRDA:2054,186,1,0
BRDA:2054,186,2,0
BRDA:2066,187,0,0
BRDA:2066,187,1,0
BRDA:2095,188,0,0
BRDA:2095,188,1,0
BRDA:2095,189,0,0
BRDA:2095,189,1,0
BRDA:2095,189,2,0
BRDA:2127,190,0,0
BRDA:2133,191,0,0
BRDA:2133,191,1,0
BRDA:2133,192,0,0
BRDA:2133,192,1,0
BRDA:2133,192,2,0
BRDA:2144,193,0,0
BRDA:2144,193,1,0
BRDA:2144,193,2,0
BRDA:2176,194,0,0
BRDA:2176,194,1,0
BRDA:2189,195,0,0
BRDA:2189,195,1,0
BRDA:2233,196,0,0
BRDA:2233,196,1,0
BRDA:2233,197,0,0
BRDA:2233,197,1,0
BRDA:2241,198,0,0
BRDA:2241,198,1,0
BRF:436
BRH:0
end_of_record
TN:
SF:src\services\orderService.js
FN:12,(anonymous_0)
FN:42,(anonymous_1)
FN:68,(anonymous_2)
FN:94,(anonymous_3)
FN:131,(anonymous_4)
FN:162,(anonymous_5)
FN:178,(anonymous_6)
FN:203,(anonymous_7)
FNF:8
FNH:0
FNDA:0,(anonymous_0)
FNDA:0,(anonymous_1)
FNDA:0,(anonymous_2)
FNDA:0,(anonymous_3)
FNDA:0,(anonymous_4)
FNDA:0,(anonymous_5)
FNDA:0,(anonymous_6)
FNDA:0,(anonymous_7)
DA:1,0
DA:4,0
DA:5,0
DA:12,0
DA:13,0
DA:14,0
DA:17,0
DA:23,0
DA:24,0
DA:26,0
DA:27,0
DA:29,0
DA:30,0
DA:31,0
DA:33,0
DA:42,0
DA:43,0
DA:44,0
DA:46,0
DA:47,0
DA:48,0
DA:51,0
DA:55,0
DA:56,0
DA:58,0
DA:59,0
DA:68,0
DA:69,0
DA:70,0
DA:72,0
DA:73,0
DA:74,0
DA:77,0
DA:81,0
DA:82,0
DA:84,0
DA:85,0
DA:94,0
DA:95,0
DA:103,0
DA:105,0
DA:106,0
DA:114,0
DA:117,0
DA:118,0
DA:122,0
DA:123,0
DA:126,0
DA:129,0
DA:130,0
DA:131,0
DA:132,0
DA:133,0
DA:134,0
DA:138,0
DA:141,0
DA:142,0
DA:143,0
DA:144,0
DA:146,0
DA:147,0
DA:150,0
DA:151,0
DA:154,0
DA:162,0
DA:163,0
DA:164,0
DA:167,0
DA:175,0
DA:178,0
DA:179,0
DA:180,0
DA:186,0
DA:187,0
DA:188,0
DA:190,0
DA:191,0
DA:195,0
DA:203,0
DA:204,0
DA:205,0
DA:208,0
LF:82
LH:0
BRDA:4,0,0,0
BRDA:4,0,1,0
BRDA:5,1,0,0
BRDA:5,1,1,0
BRDA:23,2,0,0
BRDA:23,2,1,0
BRDA:24,3,0,0
BRDA:24,3,1,0
BRDA:29,4,0,0
BRDA:29,4,1,0
BRDA:30,5,0,0
BRDA:30,5,1,0
BRDA:31,6,0,0
BRDA:31,6,1,0
BRDA:47,7,0,0
BRDA:47,7,1,0
BRDA:58,8,0,0
BRDA:58,8,1,0
BRDA:73,9,0,0
BRDA:73,9,1,0
BRDA:84,10,0,0
BRDA:84,10,1,0
BRDA:103,11,0,0
BRDA:103,11,1,0
BRDA:117,12,0,0
BRDA:117,12,1,0
BRDA:122,13,0,0
BRDA:122,13,1,0
BRDA:130,14,0,0
BRDA:130,14,1,0
BRDA:130,15,0,0
BRDA:130,15,1,0
BRDA:143,16,0,0
BRDA:143,16,1,0
BRDA:150,17,0,0
BRDA:150,17,1,0
BRDA:163,18,0,0
BRDA:163,18,1,0
BRDA:163,19,0,0
BRDA:163,19,1,0
BRDA:176,20,0,0
BRDA:176,20,1,0
BRDA:176,21,0,0
BRDA:176,21,1,0
BRDA:176,22,0,0
BRDA:176,22,1,0
BRDA:179,23,0,0
BRDA:179,23,1,0
BRDA:190,24,0,0
BRDA:190,24,1,0
BRF:50
BRH:0
end_of_record
TN:
SF:src\services\quoteService.js
FN:8,getCarBrands
FN:27,getCarModels
FN:52,getCategories
FN:77,getSubcategories
FN:99,searchProducts
FN:130,formatProduct
FN:175,formatProductList
FN:183,(anonymous_7)
FNF:8
FNH:0
FNDA:0,getCarBrands
FNDA:0,getCarModels
FNDA:0,getCategories
FNDA:0,getSubcategories
FNDA:0,searchProducts
FNDA:0,formatProduct
FNDA:0,formatProductList
FNDA:0,(anonymous_7)
DA:1,0
DA:3,0
DA:9,0
DA:10,0
DA:11,0
DA:16,0
DA:17,0
DA:28,0
DA:29,0
DA:30,0
DA:31,0
DA:32,0
DA:34,0
DA:39,0
DA:40,0
DA:53,0
DA:54,0
DA:55,0
DA:56,0
DA:57,0
DA:58,0
DA:63,0
DA:64,0
DA:78,0
DA:79,0
DA:80,0
DA:81,0
DA:82,0
DA:83,0
DA:88,0
DA:89,0
DA:100,0
DA:101,0
DA:103,0
DA:104,0
DA:105,0
DA:106,0
DA:108,0
DA:109,0
DA:110,0
DA:111,0
DA:113,0
DA:119,0
DA:120,0
DA:132,0
DA:133,0
DA:134,0
DA:135,0
DA:137,0
DA:138,0
DA:139,0
DA:140,0
DA:142,0
DA:143,0
DA:146,0
DA:148,0
DA:149,0
DA:152,0
DA:155,0
DA:156,0
DA:157,0
DA:158,0
DA:159,0
DA:164,0
DA:165,0
DA:166,0
DA:169,0
DA:176,0
DA:177,0
DA:178,0
DA:180,0
DA:181,0
DA:183,0
DA:184,0
DA:185,0
DA:187,0
DA:188,0
DA:190,0
DA:191,0
DA:194,0
DA:198,0
DA:199,0
DA:201,0
DA:202,0
DA:203,0
DA:204,0
DA:206,0
DA:207,0
DA:210,0
DA:211,0
DA:214,0
DA:215,0
DA:217,0
DA:220,0
LF:94
LH:0
BRDA:3,0,0,0
BRDA:3,0,1,0
BRDA:13,1,0,0
BRDA:13,1,1,0
BRDA:16,2,0,0
BRDA:16,2,1,0
BRDA:36,3,0,0
BRDA:36,3,1,0
BRDA:39,4,0,0
BRDA:39,4,1,0
BRDA:60,5,0,0
BRDA:60,5,1,0
BRDA:63,6,0,0
BRDA:63,6,1,0
BRDA:85,7,0,0
BRDA:85,7,1,0
BRDA:88,8,0,0
BRDA:88,8,1,0
BRDA:99,9,0,0
BRDA:103,10,0,0
BRDA:103,10,1,0
BRDA:104,11,0,0
BRDA:104,11,1,0
BRDA:105,12,0,0
BRDA:105,12,1,0
BRDA:106,13,0,0
BRDA:106,13,1,0
BRDA:111,14,0,0
BRDA:111,14,1,0
BRDA:115,15,0,0
BRDA:115,15,1,0
BRDA:116,16,0,0
BRDA:116,16,1,0
BRDA:116,17,0,0
BRDA:116,17,1,0
BRDA:119,18,0,0
BRDA:119,18,1,0
BRDA:132,19,0,0
BRDA:132,19,1,0
BRDA:132,19,2,0
BRDA:133,20,0,0
BRDA:133,20,1,0
BRDA:134,21,0,0
BRDA:134,21,1,0
BRDA:135,22,0,0
BRDA:135,22,1,0
BRDA:137,23,0,0
BRDA:137,23,1,0
BRDA:139,24,0,0
BRDA:139,24,1,0
BRDA:140,25,0,0
BRDA:140,25,1,0
BRDA:142,26,0,0
BRDA:142,26,1,0
BRDA:148,27,0,0
BRDA:148,27,1,0
BRDA:155,28,0,0
BRDA:155,28,1,0
BRDA:155,29,0,0
BRDA:155,29,1,0
BRDA:158,30,0,0
BRDA:158,30,1,0
BRDA:164,31,0,0
BRDA:164,31,1,0
BRDA:175,32,0,0
BRDA:175,33,0,0
BRDA:175,34,0,0
BRDA:184,35,0,0
BRDA:184,35,1,0
BRDA:184,35,2,0
BRDA:185,36,0,0
BRDA:185,36,1,0
BRDA:187,37,0,0
BRDA:187,37,1,0
BRDA:190,38,0,0
BRDA:190,38,1,0
BRDA:194,39,0,0
BRDA:194,39,1,0
BRDA:201,40,0,0
BRDA:201,40,1,0
BRDA:202,41,0,0
BRDA:202,41,1,0
BRDA:203,42,0,0
BRDA:203,42,1,0
BRDA:204,43,0,0
BRDA:204,43,1,0
BRDA:206,44,0,0
BRDA:206,44,1,0
BRDA:210,45,0,0
BRDA:210,45,1,0
BRF:90
BRH:0
end_of_record
TN:
SF:src\services\whatsappService.js
FN:15,(anonymous_0)
FN:28,(anonymous_1)
FN:47,(anonymous_2)
FN:49,(anonymous_3)
FN:106,(anonymous_4)
FN:108,(anonymous_5)
FN:118,(anonymous_6)
FN:140,(anonymous_7)
FN:177,(anonymous_8)
FN:179,(anonymous_9)
FN:244,(anonymous_10)
FN:246,(anonymous_11)
FN:282,(anonymous_12)
FN:284,(anonymous_13)
FN:294,(anonymous_14)
FNF:15
FNH:0
FNDA:0,(anonymous_0)
FNDA:0,(anonymous_1)
FNDA:0,(anonymous_2)
FNDA:0,(anonymous_3)
FNDA:0,(anonymous_4)
FNDA:0,(anonymous_5)
FNDA:0,(anonymous_6)
FNDA:0,(anonymous_7)
FNDA:0,(anonymous_8)
FNDA:0,(anonymous_9)
FNDA:0,(anonymous_10)
FNDA:0,(anonymous_11)
FNDA:0,(anonymous_12)
FNDA:0,(anonymous_13)
FNDA:0,(anonymous_14)
DA:1,0
DA:2,0
DA:4,0
DA:5,0
DA:6,0
DA:9,0
DA:10,0
DA:15,0
DA:16,0
DA:17,0
DA:20,0
DA:26,0
DA:27,0
DA:28,0
DA:29,0
DA:33,0
DA:47,0
DA:48,0
DA:49,0
DA:65,0
DA:68,0
DA:69,0
DA:76,0
DA:79,0
DA:80,0
DA:81,0
DA:88,0
DA:90,0
DA:91,0
DA:92,0
DA:106,0
DA:107,0
DA:108,0
DA:118,0
DA:136,0
DA:139,0
DA:140,0
DA:141,0
DA:148,0
DA:151,0
DA:152,0
DA:153,0
DA:160,0
DA:162,0
DA:163,0
DA:164,0
DA:177,0
DA:178,0
DA:179,0
DA:202,0
DA:205,0
DA:206,0
DA:213,0
DA:216,0
DA:217,0
DA:218,0
DA:225,0
DA:227,0
DA:228,0
DA:229,0
DA:244,0
DA:245,0
DA:246,0
DA:262,0
DA:263,0
DA:265,0
DA:266,0
DA:267,0
DA:282,0
DA:283,0
DA:284,0
DA:294,0
DA:312,0
DA:313,0
DA:315,0
DA:316,0
DA:317,0
DA:321,0
LF:78
LH:0
BRDA:6,0,0,0
BRDA:6,0,1,0
BRDA:15,1,0,0
BRDA:20,2,0,0
BRDA:20,2,1,0
BRDA:20,2,2,0
BRDA:20,2,3,0
BRDA:20,2,4,0
BRDA:26,3,0,0
BRDA:26,3,1,0
BRDA:26,4,0,0
BRDA:26,4,1,0
BRDA:68,5,0,0
BRDA:68,5,1,0
BRDA:80,6,0,0
BRDA:80,6,1,0
BRDA:90,7,0,0
BRDA:90,7,1,0
BRDA:139,8,0,0
BRDA:139,8,1,0
BRDA:152,9,0,0
BRDA:152,9,1,0
BRDA:162,10,0,0
BRDA:162,10,1,0
BRDA:205,11,0,0
BRDA:205,11,1,0
BRDA:217,12,0,0
BRDA:217,12,1,0
BRDA:227,13,0,0
BRDA:227,13,1,0
BRDA:265,14,0,0
BRDA:265,14,1,0
BRDA:315,15,0,0
BRDA:315,15,1,0
BRF:34
BRH:0
end_of_record
